Using pre-set license
Built from '2021.1/staging' branch; Version is '2021.1.2f1 (e5d502d80fbb) revision 15062274'; Using compiler version '192528614'; Build Type 'Release'
OS: 'Windows 10 Pro; OS build 19042.985; Version 2009; 64bit' Language: 'es' Physical Memory: 7984 MB
BatchMode: 1, IsHumanControllingUs: 0, StartBugReporterOnCrash: 0, Is64bit: 1, IsPro: 0

 COMMAND LINE ARGUMENTS:
C:\Program Files\Unity\Hub\Editor\2021.1.2f1\Editor\Unity.exe
-adb2
-batchMode
-noUpm
-name
AssetImportWorker2
-projectPath
C:/Users/Sebastian/Documents/UnityProjects/MetroidDXFinal
-logFile
Logs/AssetImportWorker2.log
-srvPort
65000
Successfully changed project path to: C:/Users/Sebastian/Documents/UnityProjects/MetroidDXFinal
C:/Users/Sebastian/Documents/UnityProjects/MetroidDXFinal
Using Asset Import Pipeline V2.
Refreshing native plugins compatible for Editor in 822.61 ms, found 4 plugins.
Preloading 0 native plugins for Editor in 0.00 ms.
Initialize engine version: 2021.1.2f1 (e5d502d80fbb)
[Subsystems] Discovering subsystems at path C:/Program Files/Unity/Hub/Editor/2021.1.2f1/Editor/Data/Resources/UnitySubsystems
[Subsystems] Discovering subsystems at path C:/Users/Sebastian/Documents/UnityProjects/MetroidDXFinal/Assets
GfxDevice: creating device client; threaded=0; jobified=0
Direct3D:
    Version:  Direct3D 11.0 [level 11.1]
    Renderer: Intel(R) HD Graphics 620 (ID=0x5916)
    Vendor:   Intel
    VRAM:     3992 MB
    Driver:   23.20.16.4973
Shader 'Universal Render Pipeline/Particles/Lit': fallback shader 'Universal Render Pipeline/Particles/SimpleLit' not found
Initialize mono
Mono path[0] = 'C:/Program Files/Unity/Hub/Editor/2021.1.2f1/Editor/Data/Managed'
Mono path[1] = 'C:/Program Files/Unity/Hub/Editor/2021.1.2f1/Editor/Data/MonoBleedingEdge/lib/mono/unityjit'
Mono config path = 'C:/Program Files/Unity/Hub/Editor/2021.1.2f1/Editor/Data/MonoBleedingEdge/etc'
Using monoOptions --debugger-agent=transport=dt_socket,embedding=1,server=y,suspend=n,address=127.0.0.1:56268
Begin MonoManager ReloadAssembly
Registering precompiled unity dll's ...
Register platform support module: C:/Program Files/Unity/Hub/Editor/2021.1.2f1/Editor/Data/PlaybackEngines/WindowsStandaloneSupport/UnityEditor.WindowsStandalone.Extensions.dll
Registered in 0.003553 seconds.
Native extension for WindowsStandalone target not found
Refreshing native plugins compatible for Editor in 179.70 ms, found 4 plugins.
Preloading 0 native plugins for Editor in 0.00 ms.
Mono: successfully reloaded assembly
- Completed reload, in  2.990 seconds
Platform modules already initialized, skipping
Registering precompiled user dll's ...
Registered in 0.006894 seconds.
Begin MonoManager ReloadAssembly
Native extension for WindowsStandalone target not found
Refreshing native plugins compatible for Editor in 569.81 ms, found 4 plugins.
Preloading 0 native plugins for Editor in 0.00 ms.
Mono: successfully reloaded assembly
- Completed reload, in  6.275 seconds
Platform modules already initialized, skipping
========================================================================
Worker process is ready to serve import requests
Shader 'Universal Render Pipeline/Particles/Lit': fallback shader 'Universal Render Pipeline/Particles/SimpleLit' not found
Launched and connected shader compiler UnityShaderCompiler.exe after 0.07 seconds
Refreshing native plugins compatible for Editor in 2.64 ms, found 4 plugins.
Preloading 0 native plugins for Editor in 0.00 ms.
Unloading 4690 Unused Serialized files (Serialized files now loaded: 0)
System memory in use before: 197.9 MB.
System memory in use after: 198.1 MB.

Unloading 50 unused Assets to reduce memory usage. Loaded Objects now: 5138.
Total: 41.467000 ms (FindLiveObjects: 1.038100 ms CreateObjectMapping: 0.842200 ms MarkObjects: 39.410400 ms  DeleteObjects: 0.174200 ms)

========================================================================
Received Import Request.
  path: Assets/Prefabs/Enemy ins/Bullet black pirate.prefab
  artifactKey: Guid(d7bc03ec1b1c4bc46bb3b2c966f0ff24) Importer(815301076,1909f56bfc062723c751e8b465ee728b)
Start importing Assets/Prefabs/Enemy ins/Bullet black pirate.prefab using Guid(d7bc03ec1b1c4bc46bb3b2c966f0ff24) Importer(815301076,1909f56bfc062723c751e8b465ee728b)  -> (artifact id: '355a139f0ae6be40236f4ac96c15ec9b') in 0.805158 seconds 
========================================================================
Received Prepare
Registering precompiled user dll's ...
Registered in 0.004964 seconds.
Begin MonoManager ReloadAssembly
Native extension for WindowsStandalone target not found
Refreshing native plugins compatible for Editor in 1.54 ms, found 4 plugins.
Preloading 0 native plugins for Editor in 0.00 ms.
Mono: successfully reloaded assembly
- Completed reload, in  2.143 seconds
Platform modules already initialized, skipping
Switching build target platform(19) subTarget(0) extendedPlatform(0) -> platform(13) subTarget(537395269) extendedPlatform(0)
Shader 'Universal Render Pipeline/Particles/Lit': fallback shader 'Universal Render Pipeline/Particles/SimpleLit' not found
Refreshing native plugins compatible for Editor in 2.50 ms, found 4 plugins.
Preloading 0 native plugins for Editor in 0.00 ms.
Unloading 4514 Unused Serialized files (Serialized files now loaded: 0)
System memory in use before: 190.6 MB.
System memory in use after: 190.8 MB.

Unloading 38 unused Assets to reduce memory usage. Loaded Objects now: 5188.
Total: 5.523500 ms (FindLiveObjects: 0.524100 ms CreateObjectMapping: 0.470800 ms MarkObjects: 4.486100 ms  DeleteObjects: 0.040700 ms)

AssetImportParameters requested are different than current active one (requested -> active):
  custom:graphics/normal-map-encoding: 01000000000000000000000000000000 -> 02000000000000000000000000000000
========================================================================
Received Prepare
Registering precompiled user dll's ...
Registered in 0.014688 seconds.
Begin MonoManager ReloadAssembly
Native extension for WindowsStandalone target not found
Refreshing native plugins compatible for Editor in 4.01 ms, found 4 plugins.
Preloading 0 native plugins for Editor in 0.00 ms.
Mono: successfully reloaded assembly
- Completed reload, in  3.560 seconds
Platform modules already initialized, skipping
Switching build target platform(19) subTarget(0) extendedPlatform(0) -> platform(13) subTarget(537395269) extendedPlatform(0)
Shader 'Universal Render Pipeline/Particles/Lit': fallback shader 'Universal Render Pipeline/Particles/SimpleLit' not found
Refreshing native plugins compatible for Editor in 2.77 ms, found 4 plugins.
Preloading 0 native plugins for Editor in 0.00 ms.
Unloading 4514 Unused Serialized files (Serialized files now loaded: 0)
System memory in use before: 190.7 MB.
System memory in use after: 190.9 MB.

Unloading 38 unused Assets to reduce memory usage. Loaded Objects now: 5191.
Total: 10.581300 ms (FindLiveObjects: 0.842800 ms CreateObjectMapping: 0.809000 ms MarkObjects: 8.824800 ms  DeleteObjects: 0.102400 ms)

AssetImportParameters requested are different than current active one (requested -> active):
  custom:graphics/normal-map-encoding: 01000000000000000000000000000000 -> 02000000000000000000000000000000
========================================================================
Received Prepare
Registering precompiled user dll's ...
Registered in 0.008479 seconds.
Begin MonoManager ReloadAssembly
Native extension for WindowsStandalone target not found
Refreshing native plugins compatible for Editor in 1.37 ms, found 4 plugins.
Preloading 0 native plugins for Editor in 0.00 ms.
Mono: successfully reloaded assembly
- Completed reload, in  2.010 seconds
Platform modules already initialized, skipping
Switching build target platform(19) subTarget(0) extendedPlatform(0) -> platform(13) subTarget(537395269) extendedPlatform(0)
Shader 'Universal Render Pipeline/Particles/Lit': fallback shader 'Universal Render Pipeline/Particles/SimpleLit' not found
Refreshing native plugins compatible for Editor in 1.67 ms, found 4 plugins.
Preloading 0 native plugins for Editor in 0.00 ms.
Unloading 4514 Unused Serialized files (Serialized files now loaded: 0)
System memory in use before: 190.7 MB.
System memory in use after: 190.9 MB.

Unloading 38 unused Assets to reduce memory usage. Loaded Objects now: 5194.
Total: 4.945700 ms (FindLiveObjects: 0.613200 ms CreateObjectMapping: 0.756600 ms MarkObjects: 3.537800 ms  DeleteObjects: 0.036900 ms)

AssetImportParameters requested are different than current active one (requested -> active):
  custom:graphics/normal-map-encoding: 01000000000000000000000000000000 -> 02000000000000000000000000000000
========================================================================
Received Prepare
Registering precompiled user dll's ...
Registered in 0.007686 seconds.
Begin MonoManager ReloadAssembly
Native extension for WindowsStandalone target not found
Refreshing native plugins compatible for Editor in 2.75 ms, found 4 plugins.
Preloading 0 native plugins for Editor in 0.00 ms.
Mono: successfully reloaded assembly
- Completed reload, in  2.168 seconds
Platform modules already initialized, skipping
Switching build target platform(19) subTarget(0) extendedPlatform(0) -> platform(13) subTarget(537395269) extendedPlatform(0)
Shader 'Universal Render Pipeline/Particles/Lit': fallback shader 'Universal Render Pipeline/Particles/SimpleLit' not found
Refreshing native plugins compatible for Editor in 2.48 ms, found 4 plugins.
Preloading 0 native plugins for Editor in 0.00 ms.
Unloading 4514 Unused Serialized files (Serialized files now loaded: 0)
System memory in use before: 190.7 MB.
System memory in use after: 191.0 MB.

Unloading 38 unused Assets to reduce memory usage. Loaded Objects now: 5197.
Total: 8.146200 ms (FindLiveObjects: 1.719200 ms CreateObjectMapping: 0.714300 ms MarkObjects: 5.676300 ms  DeleteObjects: 0.034800 ms)

AssetImportParameters requested are different than current active one (requested -> active):
  custom:graphics/normal-map-encoding: 01000000000000000000000000000000 -> 02000000000000000000000000000000
========================================================================
Received Prepare
Registering precompiled user dll's ...
Registered in 0.009207 seconds.
Begin MonoManager ReloadAssembly
Native extension for WindowsStandalone target not found
Refreshing native plugins compatible for Editor in 1.35 ms, found 4 plugins.
Preloading 0 native plugins for Editor in 0.00 ms.
Mono: successfully reloaded assembly
- Completed reload, in  1.633 seconds
Platform modules already initialized, skipping
Switching build target platform(19) subTarget(0) extendedPlatform(0) -> platform(13) subTarget(537395269) extendedPlatform(0)
Shader 'Universal Render Pipeline/Particles/Lit': fallback shader 'Universal Render Pipeline/Particles/SimpleLit' not found
Refreshing native plugins compatible for Editor in 1.22 ms, found 4 plugins.
Preloading 0 native plugins for Editor in 0.00 ms.
Unloading 4514 Unused Serialized files (Serialized files now loaded: 0)
System memory in use before: 190.7 MB.
System memory in use after: 191.0 MB.

Unloading 38 unused Assets to reduce memory usage. Loaded Objects now: 5200.
Total: 4.670500 ms (FindLiveObjects: 0.500000 ms CreateObjectMapping: 0.347400 ms MarkObjects: 3.791100 ms  DeleteObjects: 0.030900 ms)

AssetImportParameters requested are different than current active one (requested -> active):
  custom:graphics/normal-map-encoding: 01000000000000000000000000000000 -> 02000000000000000000000000000000
========================================================================
Received Import Request.
  Time since last request: 628.262737 seconds.
  path: Assets/Prefabs/Enemies/Black Pirate.prefab
  artifactKey: Guid(b8c447ab996e2c540b995650005c1b96) Importer(815301076,1909f56bfc062723c751e8b465ee728b)
Start importing Assets/Prefabs/Enemies/Black Pirate.prefab using Guid(b8c447ab996e2c540b995650005c1b96) Importer(815301076,1909f56bfc062723c751e8b465ee728b)  -> (artifact id: 'b159d4c10871e3e7e1190c11c6b6ef0b') in 0.278230 seconds 
========================================================================
Received Import Request.
  Time since last request: 0.000526 seconds.
  path: Assets/Prefabs/Enemies/Red Pirate.prefab
  artifactKey: Guid(cebf9a2513f59f04f8f2d03fb26c7906) Importer(815301076,1909f56bfc062723c751e8b465ee728b)
Start importing Assets/Prefabs/Enemies/Red Pirate.prefab using Guid(cebf9a2513f59f04f8f2d03fb26c7906) Importer(815301076,1909f56bfc062723c751e8b465ee728b)  -> (artifact id: '8c833d4eedc5468a798d9ba0abeab719') in 0.138131 seconds 
========================================================================
Received Import Request.
  Time since last request: 0.000291 seconds.
  path: Assets/Prefabs/Enemies/Ice Pirate.prefab
  artifactKey: Guid(3788f7b656d4c1b46a4a1621a709cdd3) Importer(815301076,1909f56bfc062723c751e8b465ee728b)
Start importing Assets/Prefabs/Enemies/Ice Pirate.prefab using Guid(3788f7b656d4c1b46a4a1621a709cdd3) Importer(815301076,1909f56bfc062723c751e8b465ee728b)  -> (artifact id: '37df02f12fa4852f560d68168443481c') in 0.096158 seconds 
========================================================================
Received Prepare
Registering precompiled user dll's ...
Registered in 0.006592 seconds.
Begin MonoManager ReloadAssembly
Native extension for WindowsStandalone target not found
Refreshing native plugins compatible for Editor in 1.85 ms, found 4 plugins.
Preloading 0 native plugins for Editor in 0.00 ms.
Mono: successfully reloaded assembly
- Completed reload, in  2.111 seconds
Platform modules already initialized, skipping
Switching build target platform(19) subTarget(0) extendedPlatform(0) -> platform(13) subTarget(537395269) extendedPlatform(0)
Shader 'Universal Render Pipeline/Particles/Lit': fallback shader 'Universal Render Pipeline/Particles/SimpleLit' not found
Refreshing native plugins compatible for Editor in 7.87 ms, found 4 plugins.
Preloading 0 native plugins for Editor in 0.00 ms.
Unloading 4514 Unused Serialized files (Serialized files now loaded: 0)
System memory in use before: 191.2 MB.
System memory in use after: 191.4 MB.

Unloading 38 unused Assets to reduce memory usage. Loaded Objects now: 5241.
Total: 5.143500 ms (FindLiveObjects: 0.777200 ms CreateObjectMapping: 0.516800 ms MarkObjects: 3.798800 ms  DeleteObjects: 0.047600 ms)

AssetImportParameters requested are different than current active one (requested -> active):
  custom:graphics/normal-map-encoding: 01000000000000000000000000000000 -> 02000000000000000000000000000000
========================================================================
Received Import Request.
  Time since last request: 16.651762 seconds.
  path: Assets/Prefabs/Enemies/Black Pirate.prefab
  artifactKey: Guid(b8c447ab996e2c540b995650005c1b96) Importer(815301076,1909f56bfc062723c751e8b465ee728b)
Start importing Assets/Prefabs/Enemies/Black Pirate.prefab using Guid(b8c447ab996e2c540b995650005c1b96) Importer(815301076,1909f56bfc062723c751e8b465ee728b)  -> (artifact id: '178d5aae75aaf61632cda5e0a26f149c') in 0.325622 seconds 
========================================================================
Received Prepare
Registering precompiled user dll's ...
Registered in 0.015392 seconds.
Begin MonoManager ReloadAssembly
Native extension for WindowsStandalone target not found
Refreshing native plugins compatible for Editor in 1.22 ms, found 4 plugins.
Preloading 0 native plugins for Editor in 0.00 ms.
Mono: successfully reloaded assembly
- Completed reload, in  1.579 seconds
Platform modules already initialized, skipping
Switching build target platform(19) subTarget(0) extendedPlatform(0) -> platform(13) subTarget(537395269) extendedPlatform(0)
Shader 'Universal Render Pipeline/Particles/Lit': fallback shader 'Universal Render Pipeline/Particles/SimpleLit' not found
Refreshing native plugins compatible for Editor in 1.24 ms, found 4 plugins.
Preloading 0 native plugins for Editor in 0.00 ms.
Unloading 4514 Unused Serialized files (Serialized files now loaded: 0)
System memory in use before: 191.3 MB.
System memory in use after: 191.6 MB.

Unloading 38 unused Assets to reduce memory usage. Loaded Objects now: 5282.
Total: 5.221100 ms (FindLiveObjects: 0.475600 ms CreateObjectMapping: 0.304800 ms MarkObjects: 4.403800 ms  DeleteObjects: 0.034700 ms)

AssetImportParameters requested are different than current active one (requested -> active):
  custom:graphics/normal-map-encoding: 01000000000000000000000000000000 -> 02000000000000000000000000000000
========================================================================
Received Prepare
Registering precompiled user dll's ...
Registered in 0.012268 seconds.
Begin MonoManager ReloadAssembly
Native extension for WindowsStandalone target not found
Refreshing native plugins compatible for Editor in 2.10 ms, found 4 plugins.
Preloading 0 native plugins for Editor in 0.00 ms.
Mono: successfully reloaded assembly
- Completed reload, in  2.623 seconds
Platform modules already initialized, skipping
Switching build target platform(19) subTarget(0) extendedPlatform(0) -> platform(13) subTarget(537395269) extendedPlatform(0)
Shader 'Universal Render Pipeline/Particles/Lit': fallback shader 'Universal Render Pipeline/Particles/SimpleLit' not found
Refreshing native plugins compatible for Editor in 2.08 ms, found 4 plugins.
Preloading 0 native plugins for Editor in 0.00 ms.
Unloading 4514 Unused Serialized files (Serialized files now loaded: 0)
System memory in use before: 191.3 MB.
System memory in use after: 191.6 MB.

Unloading 38 unused Assets to reduce memory usage. Loaded Objects now: 5285.
Total: 7.165200 ms (FindLiveObjects: 0.807500 ms CreateObjectMapping: 0.385500 ms MarkObjects: 5.914500 ms  DeleteObjects: 0.055400 ms)

AssetImportParameters requested are different than current active one (requested -> active):
  custom:graphics/normal-map-encoding: 01000000000000000000000000000000 -> 02000000000000000000000000000000
========================================================================
Received Import Request.
  Time since last request: 418.736715 seconds.
  path: Assets/Prefabs/Enemies/Black Pirate.prefab
  artifactKey: Guid(b8c447ab996e2c540b995650005c1b96) Importer(815301076,1909f56bfc062723c751e8b465ee728b)
Start importing Assets/Prefabs/Enemies/Black Pirate.prefab using Guid(b8c447ab996e2c540b995650005c1b96) Importer(815301076,1909f56bfc062723c751e8b465ee728b)  -> (artifact id: '316e3a015035293620734736fd81f2cc') in 0.336142 seconds 
========================================================================
Received Prepare
Registering precompiled user dll's ...
Registered in 0.006152 seconds.
Begin MonoManager ReloadAssembly
Native extension for WindowsStandalone target not found
Refreshing native plugins compatible for Editor in 1.34 ms, found 4 plugins.
Preloading 0 native plugins for Editor in 0.00 ms.
Mono: successfully reloaded assembly
- Completed reload, in  2.677 seconds
Platform modules already initialized, skipping
Switching build target platform(19) subTarget(0) extendedPlatform(0) -> platform(13) subTarget(537395269) extendedPlatform(0)
Shader 'Universal Render Pipeline/Particles/Lit': fallback shader 'Universal Render Pipeline/Particles/SimpleLit' not found
Refreshing native plugins compatible for Editor in 2.09 ms, found 4 plugins.
Preloading 0 native plugins for Editor in 0.00 ms.
Unloading 4514 Unused Serialized files (Serialized files now loaded: 0)
System memory in use before: 191.4 MB.
System memory in use after: 191.6 MB.

Unloading 38 unused Assets to reduce memory usage. Loaded Objects now: 5326.
Total: 10.326800 ms (FindLiveObjects: 0.615100 ms CreateObjectMapping: 0.543500 ms MarkObjects: 9.113400 ms  DeleteObjects: 0.052700 ms)

AssetImportParameters requested are different than current active one (requested -> active):
  custom:graphics/normal-map-encoding: 01000000000000000000000000000000 -> 02000000000000000000000000000000
========================================================================
Received Import Request.
  Time since last request: 13.108916 seconds.
  path: Assets/Prefabs/Enemies/Black Pirate.prefab
  artifactKey: Guid(b8c447ab996e2c540b995650005c1b96) Importer(815301076,1909f56bfc062723c751e8b465ee728b)
Start importing Assets/Prefabs/Enemies/Black Pirate.prefab using Guid(b8c447ab996e2c540b995650005c1b96) Importer(815301076,1909f56bfc062723c751e8b465ee728b)  -> (artifact id: 'a70aba44b058edc0366cba18d4323ca4') in 0.549790 seconds 
========================================================================
Received Prepare
Registering precompiled user dll's ...
Registered in 0.024669 seconds.
Begin MonoManager ReloadAssembly
Native extension for WindowsStandalone target not found
Refreshing native plugins compatible for Editor in 2.71 ms, found 4 plugins.
Preloading 0 native plugins for Editor in 0.00 ms.
Mono: successfully reloaded assembly
- Completed reload, in  3.297 seconds
Platform modules already initialized, skipping
Switching build target platform(19) subTarget(0) extendedPlatform(0) -> platform(13) subTarget(537395269) extendedPlatform(0)
Shader 'Universal Render Pipeline/Particles/Lit': fallback shader 'Universal Render Pipeline/Particles/SimpleLit' not found
Refreshing native plugins compatible for Editor in 2.39 ms, found 4 plugins.
Preloading 0 native plugins for Editor in 0.00 ms.
Unloading 4514 Unused Serialized files (Serialized files now loaded: 0)
System memory in use before: 191.4 MB.
System memory in use after: 191.7 MB.

Unloading 38 unused Assets to reduce memory usage. Loaded Objects now: 5367.
Total: 8.746900 ms (FindLiveObjects: 1.057600 ms CreateObjectMapping: 0.671600 ms MarkObjects: 6.962400 ms  DeleteObjects: 0.053200 ms)

AssetImportParameters requested are different than current active one (requested -> active):
  custom:graphics/normal-map-encoding: 01000000000000000000000000000000 -> 02000000000000000000000000000000
========================================================================
Received Prepare
Registering precompiled user dll's ...
Registered in 0.029974 seconds.
Begin MonoManager ReloadAssembly
Native extension for WindowsStandalone target not found
Refreshing native plugins compatible for Editor in 2.01 ms, found 4 plugins.
Preloading 0 native plugins for Editor in 0.00 ms.
Mono: successfully reloaded assembly
- Completed reload, in  2.491 seconds
Platform modules already initialized, skipping
Switching build target platform(19) subTarget(0) extendedPlatform(0) -> platform(13) subTarget(537395269) extendedPlatform(0)
Shader 'Universal Render Pipeline/Particles/Lit': fallback shader 'Universal Render Pipeline/Particles/SimpleLit' not found
Refreshing native plugins compatible for Editor in 2.45 ms, found 4 plugins.
Preloading 0 native plugins for Editor in 0.00 ms.
Unloading 4514 Unused Serialized files (Serialized files now loaded: 0)
System memory in use before: 191.4 MB.
System memory in use after: 191.7 MB.

Unloading 38 unused Assets to reduce memory usage. Loaded Objects now: 5370.
Total: 9.343400 ms (FindLiveObjects: 0.739500 ms CreateObjectMapping: 0.505300 ms MarkObjects: 7.966000 ms  DeleteObjects: 0.130100 ms)

AssetImportParameters requested are different than current active one (requested -> active):
  custom:graphics/normal-map-encoding: 01000000000000000000000000000000 -> 02000000000000000000000000000000
========================================================================
Received Prepare
Registering precompiled user dll's ...
Registered in 0.008653 seconds.
Begin MonoManager ReloadAssembly
Native extension for WindowsStandalone target not found
Refreshing native plugins compatible for Editor in 1.27 ms, found 4 plugins.
Preloading 0 native plugins for Editor in 0.00 ms.
Mono: successfully reloaded assembly
- Completed reload, in  1.991 seconds
Platform modules already initialized, skipping
Switching build target platform(19) subTarget(0) extendedPlatform(0) -> platform(13) subTarget(537395269) extendedPlatform(0)
Shader 'Universal Render Pipeline/Particles/Lit': fallback shader 'Universal Render Pipeline/Particles/SimpleLit' not found
Refreshing native plugins compatible for Editor in 1.23 ms, found 4 plugins.
Preloading 0 native plugins for Editor in 0.00 ms.
Unloading 4514 Unused Serialized files (Serialized files now loaded: 0)
System memory in use before: 191.3 MB.
System memory in use after: 191.6 MB.

Unloading 38 unused Assets to reduce memory usage. Loaded Objects now: 5373.
Total: 4.939500 ms (FindLiveObjects: 0.685000 ms CreateObjectMapping: 0.355100 ms MarkObjects: 3.863700 ms  DeleteObjects: 0.033900 ms)

AssetImportParameters requested are different than current active one (requested -> active):
  custom:graphics/normal-map-encoding: 01000000000000000000000000000000 -> 02000000000000000000000000000000
========================================================================
Received Prepare
Registering precompiled user dll's ...
Registered in 0.005052 seconds.
Begin MonoManager ReloadAssembly
Native extension for WindowsStandalone target not found
Refreshing native plugins compatible for Editor in 1.47 ms, found 4 plugins.
Preloading 0 native plugins for Editor in 0.00 ms.
Mono: successfully reloaded assembly
- Completed reload, in  1.987 seconds
Platform modules already initialized, skipping
Switching build target platform(19) subTarget(0) extendedPlatform(0) -> platform(13) subTarget(537395269) extendedPlatform(0)
Shader 'Universal Render Pipeline/Particles/Lit': fallback shader 'Universal Render Pipeline/Particles/SimpleLit' not found
Refreshing native plugins compatible for Editor in 1.42 ms, found 4 plugins.
Preloading 0 native plugins for Editor in 0.00 ms.
Unloading 4514 Unused Serialized files (Serialized files now loaded: 0)
System memory in use before: 191.4 MB.
System memory in use after: 191.6 MB.

Unloading 38 unused Assets to reduce memory usage. Loaded Objects now: 5376.
Total: 4.912700 ms (FindLiveObjects: 0.497900 ms CreateObjectMapping: 0.306000 ms MarkObjects: 4.050500 ms  DeleteObjects: 0.056500 ms)

AssetImportParameters requested are different than current active one (requested -> active):
  custom:graphics/normal-map-encoding: 01000000000000000000000000000000 -> 02000000000000000000000000000000
========================================================================
Received Prepare
Registering precompiled user dll's ...
Registered in 0.010383 seconds.
Begin MonoManager ReloadAssembly
Native extension for WindowsStandalone target not found
Refreshing native plugins compatible for Editor in 2.98 ms, found 4 plugins.
Preloading 0 native plugins for Editor in 0.00 ms.
Mono: successfully reloaded assembly
- Completed reload, in  2.671 seconds
Platform modules already initialized, skipping
Switching build target platform(19) subTarget(0) extendedPlatform(0) -> platform(13) subTarget(537395269) extendedPlatform(0)
Shader 'Universal Render Pipeline/Particles/Lit': fallback shader 'Universal Render Pipeline/Particles/SimpleLit' not found
Refreshing native plugins compatible for Editor in 1.28 ms, found 4 plugins.
Preloading 0 native plugins for Editor in 0.00 ms.
Unloading 4514 Unused Serialized files (Serialized files now loaded: 0)
System memory in use before: 191.4 MB.
System memory in use after: 191.6 MB.

Unloading 38 unused Assets to reduce memory usage. Loaded Objects now: 5379.
Total: 5.060400 ms (FindLiveObjects: 0.500400 ms CreateObjectMapping: 0.462600 ms MarkObjects: 4.060400 ms  DeleteObjects: 0.035600 ms)

AssetImportParameters requested are different than current active one (requested -> active):
  custom:graphics/normal-map-encoding: 01000000000000000000000000000000 -> 02000000000000000000000000000000
========================================================================
Received Prepare
Registering precompiled user dll's ...
Registered in 0.007228 seconds.
Begin MonoManager ReloadAssembly
Native extension for WindowsStandalone target not found
Refreshing native plugins compatible for Editor in 1.34 ms, found 4 plugins.
Preloading 0 native plugins for Editor in 0.00 ms.
Mono: successfully reloaded assembly
- Completed reload, in  2.608 seconds
Platform modules already initialized, skipping
Switching build target platform(19) subTarget(0) extendedPlatform(0) -> platform(13) subTarget(537395269) extendedPlatform(0)
Shader 'Universal Render Pipeline/Particles/Lit': fallback shader 'Universal Render Pipeline/Particles/SimpleLit' not found
Refreshing native plugins compatible for Editor in 1.63 ms, found 4 plugins.
Preloading 0 native plugins for Editor in 0.00 ms.
Unloading 4514 Unused Serialized files (Serialized files now loaded: 0)
System memory in use before: 191.4 MB.
System memory in use after: 191.6 MB.

Unloading 38 unused Assets to reduce memory usage. Loaded Objects now: 5382.
Total: 5.722500 ms (FindLiveObjects: 0.483900 ms CreateObjectMapping: 0.462000 ms MarkObjects: 4.724200 ms  DeleteObjects: 0.050300 ms)

AssetImportParameters requested are different than current active one (requested -> active):
  custom:graphics/normal-map-encoding: 01000000000000000000000000000000 -> 02000000000000000000000000000000
========================================================================
Received Import Request.
  Time since last request: 540.685793 seconds.
  path: Assets/Animations/Enemies/Space pirate/Idle.anim
  artifactKey: Guid(ade7ffc317851d2439b3de93e0128afd) Importer(815301076,1909f56bfc062723c751e8b465ee728b)
Start importing Assets/Animations/Enemies/Space pirate/Idle.anim using Guid(ade7ffc317851d2439b3de93e0128afd) Importer(815301076,1909f56bfc062723c751e8b465ee728b)  -> (artifact id: '73531df8a908b4519a0c312af8be1e81') in 0.062756 seconds 
========================================================================
Received Import Request.
  Time since last request: 142.399039 seconds.
  path: Assets/Prefabs/Enemies/Black Pirate.prefab
  artifactKey: Guid(b8c447ab996e2c540b995650005c1b96) Importer(815301076,1909f56bfc062723c751e8b465ee728b)
Start importing Assets/Prefabs/Enemies/Black Pirate.prefab using Guid(b8c447ab996e2c540b995650005c1b96) Importer(815301076,1909f56bfc062723c751e8b465ee728b)  -> (artifact id: '4bce4ef7c57a9f8e64d5fea4d6502b25') in 0.346219 seconds 
========================================================================
Received Prepare
Registering precompiled user dll's ...
Registered in 0.010743 seconds.
Begin MonoManager ReloadAssembly
Native extension for WindowsStandalone target not found
Refreshing native plugins compatible for Editor in 1.22 ms, found 4 plugins.
Preloading 0 native plugins for Editor in 0.00 ms.
Mono: successfully reloaded assembly
- Completed reload, in  1.725 seconds
Platform modules already initialized, skipping
Switching build target platform(19) subTarget(0) extendedPlatform(0) -> platform(13) subTarget(537395269) extendedPlatform(0)
Shader 'Universal Render Pipeline/Particles/Lit': fallback shader 'Universal Render Pipeline/Particles/SimpleLit' not found
Refreshing native plugins compatible for Editor in 1.23 ms, found 4 plugins.
Preloading 0 native plugins for Editor in 0.00 ms.
Unloading 4514 Unused Serialized files (Serialized files now loaded: 0)
System memory in use before: 191.7 MB.
System memory in use after: 192.0 MB.

Unloading 38 unused Assets to reduce memory usage. Loaded Objects now: 5423.
Total: 5.119000 ms (FindLiveObjects: 0.574800 ms CreateObjectMapping: 0.418200 ms MarkObjects: 4.094400 ms  DeleteObjects: 0.029900 ms)

AssetImportParameters requested are different than current active one (requested -> active):
  custom:graphics/normal-map-encoding: 01000000000000000000000000000000 -> 02000000000000000000000000000000
========================================================================
Received Prepare
Registering precompiled user dll's ...
Registered in 0.006511 seconds.
Begin MonoManager ReloadAssembly
Native extension for WindowsStandalone target not found
Refreshing native plugins compatible for Editor in 1.89 ms, found 4 plugins.
Preloading 0 native plugins for Editor in 0.00 ms.
Mono: successfully reloaded assembly
- Completed reload, in  1.922 seconds
Platform modules already initialized, skipping
Switching build target platform(19) subTarget(0) extendedPlatform(0) -> platform(13) subTarget(537395269) extendedPlatform(0)
Shader 'Universal Render Pipeline/Particles/Lit': fallback shader 'Universal Render Pipeline/Particles/SimpleLit' not found
Refreshing native plugins compatible for Editor in 1.34 ms, found 4 plugins.
Preloading 0 native plugins for Editor in 0.00 ms.
Unloading 4514 Unused Serialized files (Serialized files now loaded: 0)
System memory in use before: 191.7 MB.
System memory in use after: 192.0 MB.

Unloading 38 unused Assets to reduce memory usage. Loaded Objects now: 5426.
Total: 5.580200 ms (FindLiveObjects: 0.799400 ms CreateObjectMapping: 0.610100 ms MarkObjects: 4.126900 ms  DeleteObjects: 0.038900 ms)

AssetImportParameters requested are different than current active one (requested -> active):
  custom:graphics/normal-map-encoding: 01000000000000000000000000000000 -> 02000000000000000000000000000000
========================================================================
Received Import Request.
  Time since last request: 178.715696 seconds.
  path: Assets/Scripts/Enemies/EnemyBullets/IceRay.cs
  artifactKey: Guid(352b206ad09b62843bbe00601e1c151a) Importer(815301076,1909f56bfc062723c751e8b465ee728b)
Start importing Assets/Scripts/Enemies/EnemyBullets/IceRay.cs using Guid(352b206ad09b62843bbe00601e1c151a) Importer(815301076,1909f56bfc062723c751e8b465ee728b)  -> (artifact id: '30131154babc1a61f04abfe044c6113c') in 0.046044 seconds 
========================================================================
Received Import Request.
  Time since last request: 12.430452 seconds.
  path: Assets/Scripts/Enemies/EnemyBullets/Ray.cs
  artifactKey: Guid(2fe2ccd08fff5d34e937064b56c3dd0e) Importer(815301076,1909f56bfc062723c751e8b465ee728b)
Start importing Assets/Scripts/Enemies/EnemyBullets/Ray.cs using Guid(2fe2ccd08fff5d34e937064b56c3dd0e) Importer(815301076,1909f56bfc062723c751e8b465ee728b)  -> (artifact id: 'e7f614d4c13c79114752f82cb8b5e3b6') in 0.058453 seconds 
========================================================================
Received Import Request.
  Time since last request: 576.933478 seconds.
  path: Assets/Scripts/Enemies/EnemyBullets/Ray.cs
  artifactKey: Guid(2fe2ccd08fff5d34e937064b56c3dd0e) Importer(815301076,1909f56bfc062723c751e8b465ee728b)
Start importing Assets/Scripts/Enemies/EnemyBullets/Ray.cs using Guid(2fe2ccd08fff5d34e937064b56c3dd0e) Importer(815301076,1909f56bfc062723c751e8b465ee728b)  -> (artifact id: 'c4d347c2fe8e64edf40e9c6e7a0f35a7') in 0.012997 seconds 
========================================================================
Received Import Request.
  Time since last request: 17.036751 seconds.
  path: Assets/Scripts/Enemies/EnemyBullets/LookPlayerFirst.cs
  artifactKey: Guid(2fe2ccd08fff5d34e937064b56c3dd0e) Importer(815301076,1909f56bfc062723c751e8b465ee728b)
Start importing Assets/Scripts/Enemies/EnemyBullets/LookPlayerFirst.cs using Guid(2fe2ccd08fff5d34e937064b56c3dd0e) Importer(815301076,1909f56bfc062723c751e8b465ee728b)  -> (artifact id: '4d69afc3a8745d5822e5bc29f0127a03') in 0.055256 seconds 
========================================================================
Received Import Request.
  Time since last request: 19.600189 seconds.
  path: Assets/Scripts/Enemies/EnemyBullets/LookPlayerFirst.cs
  artifactKey: Guid(2fe2ccd08fff5d34e937064b56c3dd0e) Importer(815301076,1909f56bfc062723c751e8b465ee728b)
Start importing Assets/Scripts/Enemies/EnemyBullets/LookPlayerFirst.cs using Guid(2fe2ccd08fff5d34e937064b56c3dd0e) Importer(815301076,1909f56bfc062723c751e8b465ee728b)  -> (artifact id: '668f95e825b74862ba45fd1bad99abd9') in 0.018933 seconds 
========================================================================
Received Import Request.
  Time since last request: 56.261398 seconds.
  path: Assets/Scripts/Enemies/EnemyBullets/Thorns.cs
  artifactKey: Guid(3d084a4bd5861a74fbf10cec6db1aef5) Importer(815301076,1909f56bfc062723c751e8b465ee728b)
Start importing Assets/Scripts/Enemies/EnemyBullets/Thorns.cs using Guid(3d084a4bd5861a74fbf10cec6db1aef5) Importer(815301076,1909f56bfc062723c751e8b465ee728b)  -> (artifact id: 'b6d55ffb6fb82607247b17126e19615c') in 0.018359 seconds 
========================================================================
Received Import Request.
  Time since last request: 53.694627 seconds.
  path: Assets/Scripts/Enemies/EnemyBullets/Thorns.cs
  artifactKey: Guid(3d084a4bd5861a74fbf10cec6db1aef5) Importer(815301076,1909f56bfc062723c751e8b465ee728b)
Start importing Assets/Scripts/Enemies/EnemyBullets/Thorns.cs using Guid(3d084a4bd5861a74fbf10cec6db1aef5) Importer(815301076,1909f56bfc062723c751e8b465ee728b)  -> (artifact id: '27a9f68b85c95e1801a936a39a2625ca') in 0.007879 seconds 
========================================================================
Received Import Request.
  Time since last request: 138.475654 seconds.
  path: Assets/Scripts/Enemies/EnemyBullets/LookPlayerFirst.cs
  artifactKey: Guid(2fe2ccd08fff5d34e937064b56c3dd0e) Importer(815301076,1909f56bfc062723c751e8b465ee728b)
Start importing Assets/Scripts/Enemies/EnemyBullets/LookPlayerFirst.cs using Guid(2fe2ccd08fff5d34e937064b56c3dd0e) Importer(815301076,1909f56bfc062723c751e8b465ee728b)  -> (artifact id: 'c24ceb0b261938b8d365955a558fee5d') in 0.016888 seconds 
========================================================================
Received Import Request.
  Time since last request: 12.455433 seconds.
  path: Assets/Scripts/Enemies/EnemyBullets/EightDirections.cs
  artifactKey: Guid(cdadc43e33fe9154389b5a17c1cca52a) Importer(815301076,1909f56bfc062723c751e8b465ee728b)
Start importing Assets/Scripts/Enemies/EnemyBullets/EightDirections.cs using Guid(cdadc43e33fe9154389b5a17c1cca52a) Importer(815301076,1909f56bfc062723c751e8b465ee728b)  -> (artifact id: 'af307455fd88684efdc621934b5ac35d') in 0.075025 seconds 
========================================================================
Received Import Request.
  Time since last request: 251.690901 seconds.
  path: Assets/Scripts/Enemies/EnemyBullets/EightDirections.cs
  artifactKey: Guid(cdadc43e33fe9154389b5a17c1cca52a) Importer(815301076,1909f56bfc062723c751e8b465ee728b)
Start importing Assets/Scripts/Enemies/EnemyBullets/EightDirections.cs using Guid(cdadc43e33fe9154389b5a17c1cca52a) Importer(815301076,1909f56bfc062723c751e8b465ee728b)  -> (artifact id: 'dea8a9a4655d9eca7b3a9c5bcb48ad66') in 0.016271 seconds 
========================================================================
Received Prepare
Registering precompiled user dll's ...
Registered in 0.012885 seconds.
Begin MonoManager ReloadAssembly
Native extension for WindowsStandalone target not found
Refreshing native plugins compatible for Editor in 2.93 ms, found 4 plugins.
Preloading 0 native plugins for Editor in 0.00 ms.
Mono: successfully reloaded assembly
- Completed reload, in  3.068 seconds
Platform modules already initialized, skipping
Switching build target platform(19) subTarget(0) extendedPlatform(0) -> platform(13) subTarget(537395269) extendedPlatform(0)
Shader 'Universal Render Pipeline/Particles/Lit': fallback shader 'Universal Render Pipeline/Particles/SimpleLit' not found
Refreshing native plugins compatible for Editor in 2.75 ms, found 4 plugins.
Preloading 0 native plugins for Editor in 0.00 ms.
Unloading 4517 Unused Serialized files (Serialized files now loaded: 0)
System memory in use before: 191.7 MB.
System memory in use after: 192.2 MB.

Unloading 38 unused Assets to reduce memory usage. Loaded Objects now: 5432.
Total: 5.652300 ms (FindLiveObjects: 0.579600 ms CreateObjectMapping: 0.585900 ms MarkObjects: 4.451900 ms  DeleteObjects: 0.033300 ms)

AssetImportParameters requested are different than current active one (requested -> active):
  custom:graphics/normal-map-encoding: 01000000000000000000000000000000 -> 02000000000000000000000000000000
========================================================================
Received Import Request.
  Time since last request: 350.802321 seconds.
  path: Assets/Prefabs/Enemy ins/Big Claw.prefab
  artifactKey: Guid(7a93c7dd3b551814c993742aba74f5db) Importer(815301076,1909f56bfc062723c751e8b465ee728b)
Start importing Assets/Prefabs/Enemy ins/Big Claw.prefab using Guid(7a93c7dd3b551814c993742aba74f5db) Importer(815301076,1909f56bfc062723c751e8b465ee728b)  -> (artifact id: '33931fbc34a9a5f60d0fc970fc98368c') in 0.360249 seconds 
========================================================================
Received Import Request.
  Time since last request: 27.835436 seconds.
  path: Assets/Prefabs/Enemy ins/Big Bullet 1.prefab
  artifactKey: Guid(60534814d7dd78d4cb6af9721c607633) Importer(815301076,1909f56bfc062723c751e8b465ee728b)
Start importing Assets/Prefabs/Enemy ins/Big Bullet 1.prefab using Guid(60534814d7dd78d4cb6af9721c607633) Importer(815301076,1909f56bfc062723c751e8b465ee728b)  -> (artifact id: 'fcb09de31f4782165168bc74d0ca2a1c') in 0.106385 seconds 
========================================================================
Received Import Request.
  Time since last request: 0.000468 seconds.
  path: Assets/Prefabs/Enemy ins/Turret bullet.prefab
  artifactKey: Guid(c0006296d903ff747a7acf43e23f82ab) Importer(815301076,1909f56bfc062723c751e8b465ee728b)
Start importing Assets/Prefabs/Enemy ins/Turret bullet.prefab using Guid(c0006296d903ff747a7acf43e23f82ab) Importer(815301076,1909f56bfc062723c751e8b465ee728b)  -> (artifact id: 'c317dd6d1879d6f2c8f34b8b7b04f744') in 0.067766 seconds 
========================================================================
Received Import Request.
  Time since last request: 0.000327 seconds.
  path: Assets/Prefabs/Enemy ins/Scizer projectil.prefab
  artifactKey: Guid(d34c768be95c87946b32272ee608c2b3) Importer(815301076,1909f56bfc062723c751e8b465ee728b)
Start importing Assets/Prefabs/Enemy ins/Scizer projectil.prefab using Guid(d34c768be95c87946b32272ee608c2b3) Importer(815301076,1909f56bfc062723c751e8b465ee728b)  -> (artifact id: '755f19717386deefe7f5322afc6f3c79') in 0.102858 seconds 
========================================================================
Received Import Request.
  Time since last request: 0.000279 seconds.
  path: Assets/Prefabs/Enemy ins/Evir projectil.prefab
  artifactKey: Guid(b7448810fc9b70a4d89867c4d29c85e6) Importer(815301076,1909f56bfc062723c751e8b465ee728b)
Start importing Assets/Prefabs/Enemy ins/Evir projectil.prefab using Guid(b7448810fc9b70a4d89867c4d29c85e6) Importer(815301076,1909f56bfc062723c751e8b465ee728b)  -> (artifact id: '4de651d3197ae71c036da1a678557331') in 0.130702 seconds 
========================================================================
Received Import Request.
  Time since last request: 0.000292 seconds.
  path: Assets/Prefabs/Enemy ins/Ice blast.prefab
  artifactKey: Guid(b7a6bc19c5705ca4490f12a0bfca9ff0) Importer(815301076,1909f56bfc062723c751e8b465ee728b)
Start importing Assets/Prefabs/Enemy ins/Ice blast.prefab using Guid(b7a6bc19c5705ca4490f12a0bfca9ff0) Importer(815301076,1909f56bfc062723c751e8b465ee728b)  -> (artifact id: '4f3d537a6b2f63eb46ddb9fec09a64a4') in 0.100168 seconds 
========================================================================
Received Import Request.
  Time since last request: 0.000416 seconds.
  path: Assets/Prefabs/Enemy ins/Fireball.prefab
  artifactKey: Guid(8e540229e66b1244aafcb223fe45069e) Importer(815301076,1909f56bfc062723c751e8b465ee728b)
Start importing Assets/Prefabs/Enemy ins/Fireball.prefab using Guid(8e540229e66b1244aafcb223fe45069e) Importer(815301076,1909f56bfc062723c751e8b465ee728b)  -> (artifact id: 'b465abf6d409efb65d405714474bd744') in 1.180712 seconds 
========================================================================
Received Import Request.
  Time since last request: 0.000895 seconds.
  path: Assets/Prefabs/Enemy ins/Bullet black pirate.prefab
  artifactKey: Guid(d7bc03ec1b1c4bc46bb3b2c966f0ff24) Importer(815301076,1909f56bfc062723c751e8b465ee728b)
Start importing Assets/Prefabs/Enemy ins/Bullet black pirate.prefab using Guid(d7bc03ec1b1c4bc46bb3b2c966f0ff24) Importer(815301076,1909f56bfc062723c751e8b465ee728b)  -> (artifact id: '730a121bf10cb7fb80a93a3dbecc096c') in 0.093957 seconds 
========================================================================
Received Import Request.
  Time since last request: 0.000853 seconds.
  path: Assets/Prefabs/Enemy ins/Kraid craw.prefab
  artifactKey: Guid(10e6a91394913144694fc4ecfd2cc27d) Importer(815301076,1909f56bfc062723c751e8b465ee728b)
Start importing Assets/Prefabs/Enemy ins/Kraid craw.prefab using Guid(10e6a91394913144694fc4ecfd2cc27d) Importer(815301076,1909f56bfc062723c751e8b465ee728b)  -> (artifact id: '389b32b681353121fe62063dd8b9f3c0') in 0.046223 seconds 
========================================================================
Received Import Request.
  Time since last request: 0.000319 seconds.
  path: Assets/Prefabs/Enemy ins/GadoraBlast.prefab
  artifactKey: Guid(8558d56c18a1fa145ac9337cad46db36) Importer(815301076,1909f56bfc062723c751e8b465ee728b)
Start importing Assets/Prefabs/Enemy ins/GadoraBlast.prefab using Guid(8558d56c18a1fa145ac9337cad46db36) Importer(815301076,1909f56bfc062723c751e8b465ee728b)  -> (artifact id: 'eb932c2b9846a174b1793dfb06bfd268') in 0.091874 seconds 
========================================================================
Received Import Request.
  Time since last request: 0.000298 seconds.
  path: Assets/Prefabs/Enemy ins/Black hole.prefab
  artifactKey: Guid(c9a4de002a675224a9fba2cb88ffc913) Importer(815301076,1909f56bfc062723c751e8b465ee728b)
Start importing Assets/Prefabs/Enemy ins/Black hole.prefab using Guid(c9a4de002a675224a9fba2cb88ffc913) Importer(815301076,1909f56bfc062723c751e8b465ee728b)  -> (artifact id: '74605b3a9efe061e466ee2441a616a20') in 0.072730 seconds 
========================================================================
Received Import Request.
  Time since last request: 0.000293 seconds.
  path: Assets/Prefabs/Enemy ins/Piña projectil 2.prefab
  artifactKey: Guid(a73f6de1d576098418a9b5df77c20295) Importer(815301076,1909f56bfc062723c751e8b465ee728b)
Start importing Assets/Prefabs/Enemy ins/Piña projectil 2.prefab using Guid(a73f6de1d576098418a9b5df77c20295) Importer(815301076,1909f56bfc062723c751e8b465ee728b)  -> (artifact id: '0aee3c0287f3a49b31fce6b1b699eb1c') in 0.161756 seconds 
========================================================================
Received Import Request.
  Time since last request: 0.002032 seconds.
  path: Assets/Prefabs/Enemy ins/Choot.prefab
  artifactKey: Guid(73689f7c613814c4abe4d89cfc633f07) Importer(815301076,1909f56bfc062723c751e8b465ee728b)
Start importing Assets/Prefabs/Enemy ins/Choot.prefab using Guid(73689f7c613814c4abe4d89cfc633f07) Importer(815301076,1909f56bfc062723c751e8b465ee728b)  -> (artifact id: '5dc9c772f66455144689a305367e5a7e') in 0.050826 seconds 
========================================================================
Received Import Request.
  Time since last request: 0.000524 seconds.
  path: Assets/Prefabs/Enemy ins/Kraid small claw.prefab
  artifactKey: Guid(df765a444e6455f45acd791894730e9a) Importer(815301076,1909f56bfc062723c751e8b465ee728b)
Start importing Assets/Prefabs/Enemy ins/Kraid small claw.prefab using Guid(df765a444e6455f45acd791894730e9a) Importer(815301076,1909f56bfc062723c751e8b465ee728b)  -> (artifact id: '2b604a97fd0245042b5694de3d5f962b') in 0.019613 seconds 
========================================================================
Received Import Request.
  Time since last request: 0.000939 seconds.
  path: Assets/Prefabs/Enemy ins/Piña projectil.prefab
  artifactKey: Guid(da0e46845dbb9d64fb2cad818f4afcbb) Importer(815301076,1909f56bfc062723c751e8b465ee728b)
Start importing Assets/Prefabs/Enemy ins/Piña projectil.prefab using Guid(da0e46845dbb9d64fb2cad818f4afcbb) Importer(815301076,1909f56bfc062723c751e8b465ee728b)  -> (artifact id: '277c0b28b8c8f37efbc6de707878859d') in 0.121044 seconds 
========================================================================
Received Import Request.
  Time since last request: 0.000484 seconds.
  path: Assets/Prefabs/Enemy ins/Piña projectil 1.prefab
  artifactKey: Guid(38a651ad823c8b149bab66549f69948d) Importer(815301076,1909f56bfc062723c751e8b465ee728b)
Start importing Assets/Prefabs/Enemy ins/Piña projectil 1.prefab using Guid(38a651ad823c8b149bab66549f69948d) Importer(815301076,1909f56bfc062723c751e8b465ee728b)  -> (artifact id: '270c946a67469e06ae59d3892197bcb0') in 0.115603 seconds 
========================================================================
Received Import Request.
  Time since last request: 0.000328 seconds.
  path: Assets/Prefabs/Enemy ins/Hornad proyectil.prefab
  artifactKey: Guid(36ee0f3708cd6f147bad1cd2476dab81) Importer(815301076,1909f56bfc062723c751e8b465ee728b)
Start importing Assets/Prefabs/Enemy ins/Hornad proyectil.prefab using Guid(36ee0f3708cd6f147bad1cd2476dab81) Importer(815301076,1909f56bfc062723c751e8b465ee728b)  -> (artifact id: '67a9206c43145616d7db6b97eb3a11c2') in 0.055640 seconds 
========================================================================
Received Import Request.
  Time since last request: 0.000313 seconds.
  path: Assets/Prefabs/Enemy ins/Small claw.prefab
  artifactKey: Guid(4808362c1e8e419438235b5c43fe61c2) Importer(815301076,1909f56bfc062723c751e8b465ee728b)
Start importing Assets/Prefabs/Enemy ins/Small claw.prefab using Guid(4808362c1e8e419438235b5c43fe61c2) Importer(815301076,1909f56bfc062723c751e8b465ee728b)  -> (artifact id: '914ee4df05bba716006e46c282ac409b') in 0.051678 seconds 
========================================================================
Received Prepare
Registering precompiled user dll's ...
Registered in 0.010701 seconds.
Begin MonoManager ReloadAssembly
Native extension for WindowsStandalone target not found
Refreshing native plugins compatible for Editor in 1.97 ms, found 4 plugins.
Preloading 0 native plugins for Editor in 0.00 ms.
Mono: successfully reloaded assembly
- Completed reload, in  1.973 seconds
Platform modules already initialized, skipping
Switching build target platform(19) subTarget(0) extendedPlatform(0) -> platform(13) subTarget(537395269) extendedPlatform(0)
Shader 'Universal Render Pipeline/Particles/Lit': fallback shader 'Universal Render Pipeline/Particles/SimpleLit' not found
Refreshing native plugins compatible for Editor in 2.72 ms, found 4 plugins.
Preloading 0 native plugins for Editor in 0.00 ms.
Unloading 4517 Unused Serialized files (Serialized files now loaded: 0)
System memory in use before: 191.9 MB.
System memory in use after: 192.4 MB.

Unloading 38 unused Assets to reduce memory usage. Loaded Objects now: 5473.
Total: 10.739500 ms (FindLiveObjects: 1.656000 ms CreateObjectMapping: 2.501800 ms MarkObjects: 6.509900 ms  DeleteObjects: 0.068800 ms)

AssetImportParameters requested are different than current active one (requested -> active):
  custom:graphics/normal-map-encoding: 01000000000000000000000000000000 -> 02000000000000000000000000000000
========================================================================
Received Import Request.
  Time since last request: 113.066739 seconds.
  path: Assets/Prefabs/Enemies/Powamp.prefab
  artifactKey: Guid(8063864b8704d3942b5e6fa5163bd940) Importer(815301076,1909f56bfc062723c751e8b465ee728b)
Start importing Assets/Prefabs/Enemies/Powamp.prefab using Guid(8063864b8704d3942b5e6fa5163bd940) Importer(815301076,1909f56bfc062723c751e8b465ee728b)  -> (artifact id: '34de80dcd2b407aac1478806b4e4d901') in 0.304212 seconds 
========================================================================
Received Import Request.
  Time since last request: 22.705175 seconds.
  path: Assets/Prefabs/Enemy ins/Piña projectil 1.prefab
  artifactKey: Guid(38a651ad823c8b149bab66549f69948d) Importer(815301076,1909f56bfc062723c751e8b465ee728b)
Start importing Assets/Prefabs/Enemy ins/Piña projectil 1.prefab using Guid(38a651ad823c8b149bab66549f69948d) Importer(815301076,1909f56bfc062723c751e8b465ee728b)  -> (artifact id: '6fb6afd66187ed1e828e602ef4975437') in 0.095237 seconds 
========================================================================
Received Import Request.
  Time since last request: 6.015247 seconds.
  path: Assets/Prefabs/Enemy ins/Piña projectil 1.prefab
  artifactKey: Guid(38a651ad823c8b149bab66549f69948d) Importer(815301076,1909f56bfc062723c751e8b465ee728b)
Start importing Assets/Prefabs/Enemy ins/Piña projectil 1.prefab using Guid(38a651ad823c8b149bab66549f69948d) Importer(815301076,1909f56bfc062723c751e8b465ee728b)  -> (artifact id: 'efc35762372307282457df3bec4cbff5') in 0.078357 seconds 
========================================================================
Received Import Request.
  Time since last request: 8.916914 seconds.
  path: Assets/Prefabs/Enemy ins/Piña projectil 1.prefab
  artifactKey: Guid(38a651ad823c8b149bab66549f69948d) Importer(815301076,1909f56bfc062723c751e8b465ee728b)
Start importing Assets/Prefabs/Enemy ins/Piña projectil 1.prefab using Guid(38a651ad823c8b149bab66549f69948d) Importer(815301076,1909f56bfc062723c751e8b465ee728b)  -> (artifact id: '4bce317c7e9f439484b7105860ce0cd0') in 0.075983 seconds 
========================================================================
Received Import Request.
  Time since last request: 6.622853 seconds.
  path: Assets/Prefabs/Enemy ins/Piña projectil 1.prefab
  artifactKey: Guid(38a651ad823c8b149bab66549f69948d) Importer(815301076,1909f56bfc062723c751e8b465ee728b)
Start importing Assets/Prefabs/Enemy ins/Piña projectil 1.prefab using Guid(38a651ad823c8b149bab66549f69948d) Importer(815301076,1909f56bfc062723c751e8b465ee728b)  -> (artifact id: 'c73b06012128f7ac34317fc0ec2de40a') in 0.080768 seconds 
========================================================================
Received Import Request.
  Time since last request: 4.240917 seconds.
  path: Assets/Prefabs/Enemy ins/Piña projectil 1.prefab
  artifactKey: Guid(38a651ad823c8b149bab66549f69948d) Importer(815301076,1909f56bfc062723c751e8b465ee728b)
Start importing Assets/Prefabs/Enemy ins/Piña projectil 1.prefab using Guid(38a651ad823c8b149bab66549f69948d) Importer(815301076,1909f56bfc062723c751e8b465ee728b)  -> (artifact id: '0d82dfd111707c8f3d1554292ffaa806') in 0.085196 seconds 
========================================================================
Received Import Request.
  Time since last request: 2.681195 seconds.
  path: Assets/Prefabs/Enemy ins/Piña projectil 1.prefab
  artifactKey: Guid(38a651ad823c8b149bab66549f69948d) Importer(815301076,1909f56bfc062723c751e8b465ee728b)
Start importing Assets/Prefabs/Enemy ins/Piña projectil 1.prefab using Guid(38a651ad823c8b149bab66549f69948d) Importer(815301076,1909f56bfc062723c751e8b465ee728b)  -> (artifact id: '907e2cce762a7019d014c2fbea5b17ee') in 0.147261 seconds 
========================================================================
Received Prepare
Registering precompiled user dll's ...
Registered in 0.006882 seconds.
Begin MonoManager ReloadAssembly
Native extension for WindowsStandalone target not found
Refreshing native plugins compatible for Editor in 2.38 ms, found 4 plugins.
Preloading 0 native plugins for Editor in 0.00 ms.
Mono: successfully reloaded assembly
- Completed reload, in  3.092 seconds
Platform modules already initialized, skipping
Switching build target platform(19) subTarget(0) extendedPlatform(0) -> platform(13) subTarget(537395269) extendedPlatform(0)
Shader 'Universal Render Pipeline/Particles/Lit': fallback shader 'Universal Render Pipeline/Particles/SimpleLit' not found
Refreshing native plugins compatible for Editor in 3.37 ms, found 4 plugins.
Preloading 0 native plugins for Editor in 0.00 ms.
Unloading 4517 Unused Serialized files (Serialized files now loaded: 0)
System memory in use before: 192.0 MB.
System memory in use after: 192.4 MB.

Unloading 38 unused Assets to reduce memory usage. Loaded Objects now: 5514.
Total: 5.176000 ms (FindLiveObjects: 0.660400 ms CreateObjectMapping: 0.371400 ms MarkObjects: 4.099700 ms  DeleteObjects: 0.042100 ms)

AssetImportParameters requested are different than current active one (requested -> active):
  custom:graphics/normal-map-encoding: 01000000000000000000000000000000 -> 02000000000000000000000000000000
========================================================================
Received Import Request.
  Time since last request: 943.305127 seconds.
  path: Assets/Scripts/Enemies/EnemyBullets/EightDirections.cs
  artifactKey: Guid(cdadc43e33fe9154389b5a17c1cca52a) Importer(815301076,1909f56bfc062723c751e8b465ee728b)
Start importing Assets/Scripts/Enemies/EnemyBullets/EightDirections.cs using Guid(cdadc43e33fe9154389b5a17c1cca52a) Importer(815301076,1909f56bfc062723c751e8b465ee728b)  -> (artifact id: 'dac3d8ab646e47df0a653c3d10a4a64b') in 0.016004 seconds 
========================================================================
Received Prepare
Registering precompiled user dll's ...
Registered in 0.005159 seconds.
Begin MonoManager ReloadAssembly
Native extension for WindowsStandalone target not found
Refreshing native plugins compatible for Editor in 1.22 ms, found 4 plugins.
Preloading 0 native plugins for Editor in 0.00 ms.
Mono: successfully reloaded assembly
- Completed reload, in  1.703 seconds
Platform modules already initialized, skipping
Switching build target platform(19) subTarget(0) extendedPlatform(0) -> platform(13) subTarget(537395269) extendedPlatform(0)
Shader 'Universal Render Pipeline/Particles/Lit': fallback shader 'Universal Render Pipeline/Particles/SimpleLit' not found
Refreshing native plugins compatible for Editor in 1.67 ms, found 4 plugins.
Preloading 0 native plugins for Editor in 0.00 ms.
Unloading 4516 Unused Serialized files (Serialized files now loaded: 0)
System memory in use before: 192.0 MB.
System memory in use after: 192.4 MB.

Unloading 38 unused Assets to reduce memory usage. Loaded Objects now: 5517.
Total: 4.960200 ms (FindLiveObjects: 0.477900 ms CreateObjectMapping: 0.364600 ms MarkObjects: 4.079600 ms  DeleteObjects: 0.036500 ms)

AssetImportParameters requested are different than current active one (requested -> active):
  custom:graphics/normal-map-encoding: 01000000000000000000000000000000 -> 02000000000000000000000000000000
========================================================================
Received Prepare
Registering precompiled user dll's ...
Registered in 0.007833 seconds.
Begin MonoManager ReloadAssembly
Native extension for WindowsStandalone target not found
Refreshing native plugins compatible for Editor in 1.48 ms, found 4 plugins.
Preloading 0 native plugins for Editor in 0.00 ms.
Mono: successfully reloaded assembly
- Completed reload, in  1.855 seconds
Platform modules already initialized, skipping
Switching build target platform(19) subTarget(0) extendedPlatform(0) -> platform(13) subTarget(537395269) extendedPlatform(0)
Shader 'Universal Render Pipeline/Particles/Lit': fallback shader 'Universal Render Pipeline/Particles/SimpleLit' not found
Refreshing native plugins compatible for Editor in 1.51 ms, found 4 plugins.
Preloading 0 native plugins for Editor in 0.00 ms.
Unloading 4517 Unused Serialized files (Serialized files now loaded: 0)
System memory in use before: 192.0 MB.
System memory in use after: 192.5 MB.

Unloading 38 unused Assets to reduce memory usage. Loaded Objects now: 5521.
Total: 5.672800 ms (FindLiveObjects: 0.695300 ms CreateObjectMapping: 0.420900 ms MarkObjects: 4.521500 ms  DeleteObjects: 0.033400 ms)

AssetImportParameters requested are different than current active one (requested -> active):
  custom:graphics/normal-map-encoding: 01000000000000000000000000000000 -> 02000000000000000000000000000000
========================================================================
Received Import Request.
  Time since last request: 57.288880 seconds.
  path: Assets/Scripts/Enemies/EnemyBullets/ShooterLook.cs
  artifactKey: Guid(8840c62753b8f434ca3e25c2527bfd8e) Importer(815301076,1909f56bfc062723c751e8b465ee728b)
Start importing Assets/Scripts/Enemies/EnemyBullets/ShooterLook.cs using Guid(8840c62753b8f434ca3e25c2527bfd8e) Importer(815301076,1909f56bfc062723c751e8b465ee728b)  -> (artifact id: '59556ca6e6ff05c1fc51baf1fe6824fb') in 0.018746 seconds 
========================================================================
Received Prepare
Registering precompiled user dll's ...
Registered in 0.005067 seconds.
Begin MonoManager ReloadAssembly
Native extension for WindowsStandalone target not found
Refreshing native plugins compatible for Editor in 1.86 ms, found 4 plugins.
Preloading 0 native plugins for Editor in 0.00 ms.
Mono: successfully reloaded assembly
- Completed reload, in  2.868 seconds
Platform modules already initialized, skipping
Switching build target platform(19) subTarget(0) extendedPlatform(0) -> platform(13) subTarget(537395269) extendedPlatform(0)
Shader 'Universal Render Pipeline/Particles/Lit': fallback shader 'Universal Render Pipeline/Particles/SimpleLit' not found
Refreshing native plugins compatible for Editor in 1.84 ms, found 4 plugins.
Preloading 0 native plugins for Editor in 0.00 ms.
Unloading 4517 Unused Serialized files (Serialized files now loaded: 0)
System memory in use before: 192.0 MB.
System memory in use after: 192.5 MB.

Unloading 38 unused Assets to reduce memory usage. Loaded Objects now: 5524.
Total: 8.674800 ms (FindLiveObjects: 1.511000 ms CreateObjectMapping: 0.726700 ms MarkObjects: 6.372600 ms  DeleteObjects: 0.061000 ms)

AssetImportParameters requested are different than current active one (requested -> active):
  custom:graphics/normal-map-encoding: 01000000000000000000000000000000 -> 02000000000000000000000000000000
========================================================================
Received Import Request.
  Time since last request: 274.408214 seconds.
  path: Assets/Scripts/Enemies/EnemyBullets/ShooterLook.cs
  artifactKey: Guid(8840c62753b8f434ca3e25c2527bfd8e) Importer(815301076,1909f56bfc062723c751e8b465ee728b)
Start importing Assets/Scripts/Enemies/EnemyBullets/ShooterLook.cs using Guid(8840c62753b8f434ca3e25c2527bfd8e) Importer(815301076,1909f56bfc062723c751e8b465ee728b)  -> (artifact id: '353cf68b658472d945c698928d58e93a') in 0.013605 seconds 
========================================================================
Received Prepare
Registering precompiled user dll's ...
Registered in 0.005457 seconds.
Begin MonoManager ReloadAssembly
Native extension for WindowsStandalone target not found
Refreshing native plugins compatible for Editor in 1.55 ms, found 4 plugins.
Preloading 0 native plugins for Editor in 0.00 ms.
Mono: successfully reloaded assembly
- Completed reload, in  2.832 seconds
Platform modules already initialized, skipping
Switching build target platform(19) subTarget(0) extendedPlatform(0) -> platform(13) subTarget(537395269) extendedPlatform(0)
Shader 'Universal Render Pipeline/Particles/Lit': fallback shader 'Universal Render Pipeline/Particles/SimpleLit' not found
Refreshing native plugins compatible for Editor in 2.37 ms, found 4 plugins.
Preloading 0 native plugins for Editor in 0.00 ms.
Unloading 4517 Unused Serialized files (Serialized files now loaded: 0)
System memory in use before: 192.0 MB.
System memory in use after: 192.5 MB.

Unloading 38 unused Assets to reduce memory usage. Loaded Objects now: 5527.
Total: 8.255900 ms (FindLiveObjects: 0.910800 ms CreateObjectMapping: 1.001100 ms MarkObjects: 6.299700 ms  DeleteObjects: 0.042200 ms)

AssetImportParameters requested are different than current active one (requested -> active):
  custom:graphics/normal-map-encoding: 01000000000000000000000000000000 -> 02000000000000000000000000000000
========================================================================
Received Import Request.
  Time since last request: 239.759315 seconds.
  path: Assets/Prefabs/Enemy ins/GadoraBlast.prefab
  artifactKey: Guid(8558d56c18a1fa145ac9337cad46db36) Importer(815301076,1909f56bfc062723c751e8b465ee728b)
Start importing Assets/Prefabs/Enemy ins/GadoraBlast.prefab using Guid(8558d56c18a1fa145ac9337cad46db36) Importer(815301076,1909f56bfc062723c751e8b465ee728b)  -> (artifact id: '995277efe58918d320dbebea9d92259d') in 0.427457 seconds 
========================================================================
Received Import Request.
  Time since last request: 0.000335 seconds.
  path: Assets/Prefabs/Enemy ins/Piña projectil 1.prefab
  artifactKey: Guid(38a651ad823c8b149bab66549f69948d) Importer(815301076,1909f56bfc062723c751e8b465ee728b)
Start importing Assets/Prefabs/Enemy ins/Piña projectil 1.prefab using Guid(38a651ad823c8b149bab66549f69948d) Importer(815301076,1909f56bfc062723c751e8b465ee728b)  -> (artifact id: '3d4531c724964bfed0872b4e32f77e8a') in 0.103690 seconds 
========================================================================
Received Import Request.
  Time since last request: 45.317097 seconds.
  path: Assets/Prefabs/Enemy ins/Piña projectil 1.prefab
  artifactKey: Guid(38a651ad823c8b149bab66549f69948d) Importer(815301076,1909f56bfc062723c751e8b465ee728b)
Start importing Assets/Prefabs/Enemy ins/Piña projectil 1.prefab using Guid(38a651ad823c8b149bab66549f69948d) Importer(815301076,1909f56bfc062723c751e8b465ee728b)  -> (artifact id: '3fe3ce5ababdacb061dafd13cfeae8ea') in 0.078058 seconds 
========================================================================
Received Import Request.
  Time since last request: 11.628135 seconds.
  path: Assets/Prefabs/Enemy ins/Piña projectil 2.prefab
  artifactKey: Guid(a73f6de1d576098418a9b5df77c20295) Importer(815301076,1909f56bfc062723c751e8b465ee728b)
Start importing Assets/Prefabs/Enemy ins/Piña projectil 2.prefab using Guid(a73f6de1d576098418a9b5df77c20295) Importer(815301076,1909f56bfc062723c751e8b465ee728b)  -> (artifact id: '0b7110b34f8d9fab9dc58a9f1f8e9500') in 0.083152 seconds 
========================================================================
Received Import Request.
  Time since last request: 0.000323 seconds.
  path: Assets/Prefabs/Enemy ins/Piña projectil.prefab
  artifactKey: Guid(da0e46845dbb9d64fb2cad818f4afcbb) Importer(815301076,1909f56bfc062723c751e8b465ee728b)
Start importing Assets/Prefabs/Enemy ins/Piña projectil.prefab using Guid(da0e46845dbb9d64fb2cad818f4afcbb) Importer(815301076,1909f56bfc062723c751e8b465ee728b)  -> (artifact id: '8c9e2b99d385f08d747361fa36dc6007') in 0.092323 seconds 
========================================================================
Received Import Request.
  Time since last request: 32.457419 seconds.
  path: Assets/Prefabs/Enemy ins/Big Bullet 1.prefab
  artifactKey: Guid(60534814d7dd78d4cb6af9721c607633) Importer(815301076,1909f56bfc062723c751e8b465ee728b)
Start importing Assets/Prefabs/Enemy ins/Big Bullet 1.prefab using Guid(60534814d7dd78d4cb6af9721c607633) Importer(815301076,1909f56bfc062723c751e8b465ee728b)  -> (artifact id: '3eef1fdc7a6454c72eee94a9dc3c8673') in 0.061759 seconds 
========================================================================
Received Import Request.
  Time since last request: 9.747337 seconds.
  path: Assets/Prefabs/Enemy ins/Bullet black pirate.prefab
  artifactKey: Guid(d7bc03ec1b1c4bc46bb3b2c966f0ff24) Importer(815301076,1909f56bfc062723c751e8b465ee728b)
Start importing Assets/Prefabs/Enemy ins/Bullet black pirate.prefab using Guid(d7bc03ec1b1c4bc46bb3b2c966f0ff24) Importer(815301076,1909f56bfc062723c751e8b465ee728b)  -> (artifact id: 'c97fb9be202a6dd04e7922e55d037e04') in 0.055739 seconds 
========================================================================
Received Import Request.
  Time since last request: 16.033728 seconds.
  path: Assets/Prefabs/Enemy ins/Big Bullet 1.prefab
  artifactKey: Guid(60534814d7dd78d4cb6af9721c607633) Importer(815301076,1909f56bfc062723c751e8b465ee728b)
Start importing Assets/Prefabs/Enemy ins/Big Bullet 1.prefab using Guid(60534814d7dd78d4cb6af9721c607633) Importer(815301076,1909f56bfc062723c751e8b465ee728b)  -> (artifact id: 'e900cf131e77f64939c07beee5dbdb64') in 0.075399 seconds 
========================================================================
Received Import Request.
  Time since last request: 22.650869 seconds.
  path: Assets/Prefabs/Enemy ins/Big Bullet 1.prefab
  artifactKey: Guid(60534814d7dd78d4cb6af9721c607633) Importer(815301076,1909f56bfc062723c751e8b465ee728b)
Start importing Assets/Prefabs/Enemy ins/Big Bullet 1.prefab using Guid(60534814d7dd78d4cb6af9721c607633) Importer(815301076,1909f56bfc062723c751e8b465ee728b)  -> (artifact id: '1365c59c228a37208eb8da2eacafda19') in 0.063835 seconds 
========================================================================
Received Import Request.
  Time since last request: 67.509299 seconds.
  path: Assets/Prefabs/Enemy ins/Evir projectil.prefab
  artifactKey: Guid(b7448810fc9b70a4d89867c4d29c85e6) Importer(815301076,1909f56bfc062723c751e8b465ee728b)
Start importing Assets/Prefabs/Enemy ins/Evir projectil.prefab using Guid(b7448810fc9b70a4d89867c4d29c85e6) Importer(815301076,1909f56bfc062723c751e8b465ee728b)  -> (artifact id: '939e903b759ad0ccf01ca371176ef0a3') in 0.042433 seconds 
========================================================================
Received Import Request.
  Time since last request: 38.297424 seconds.
  path: Assets/Prefabs/Enemies/Ice Pirate.prefab
  artifactKey: Guid(3788f7b656d4c1b46a4a1621a709cdd3) Importer(815301076,1909f56bfc062723c751e8b465ee728b)
Start importing Assets/Prefabs/Enemies/Ice Pirate.prefab using Guid(3788f7b656d4c1b46a4a1621a709cdd3) Importer(815301076,1909f56bfc062723c751e8b465ee728b)  -> (artifact id: 'ade82165310a8eaaffd6c38bf7ba2ce9') in 0.078719 seconds 
========================================================================
Received Import Request.
  Time since last request: 0.000620 seconds.
  path: Assets/Prefabs/Enemies/Red Pirate.prefab
  artifactKey: Guid(cebf9a2513f59f04f8f2d03fb26c7906) Importer(815301076,1909f56bfc062723c751e8b465ee728b)
Start importing Assets/Prefabs/Enemies/Red Pirate.prefab using Guid(cebf9a2513f59f04f8f2d03fb26c7906) Importer(815301076,1909f56bfc062723c751e8b465ee728b)  -> (artifact id: '9429f253e35b45da69bb12c84d8fdf75') in 0.060794 seconds 
========================================================================
Received Import Request.
  Time since last request: 182.850039 seconds.
  path: Assets/Prefabs/Enemies/Red Pirate.prefab
  artifactKey: Guid(cebf9a2513f59f04f8f2d03fb26c7906) Importer(815301076,1909f56bfc062723c751e8b465ee728b)
Start importing Assets/Prefabs/Enemies/Red Pirate.prefab using Guid(cebf9a2513f59f04f8f2d03fb26c7906) Importer(815301076,1909f56bfc062723c751e8b465ee728b)  -> (artifact id: '94cacfe3ac897b427980e04d2dec9a3f') in 0.064545 seconds 
========================================================================
Received Import Request.
  Time since last request: 13.539189 seconds.
  path: Assets/Prefabs/Enemies/Red Pirate.prefab
  artifactKey: Guid(cebf9a2513f59f04f8f2d03fb26c7906) Importer(815301076,1909f56bfc062723c751e8b465ee728b)
Start importing Assets/Prefabs/Enemies/Red Pirate.prefab using Guid(cebf9a2513f59f04f8f2d03fb26c7906) Importer(815301076,1909f56bfc062723c751e8b465ee728b)  -> (artifact id: 'd78d00b9a285223620d1151dd81988a2') in 0.069440 seconds 
========================================================================
Received Import Request.
  Time since last request: 37.415990 seconds.
  path: Assets/Prefabs/Enemies/Ice Pirate.prefab
  artifactKey: Guid(3788f7b656d4c1b46a4a1621a709cdd3) Importer(815301076,1909f56bfc062723c751e8b465ee728b)
Start importing Assets/Prefabs/Enemies/Ice Pirate.prefab using Guid(3788f7b656d4c1b46a4a1621a709cdd3) Importer(815301076,1909f56bfc062723c751e8b465ee728b)  -> (artifact id: '2d02c03429ef2d6528e31792ec890bf4') in 0.075209 seconds 
========================================================================
Received Import Request.
  Time since last request: 7.485221 seconds.
  path: Assets/Prefabs/Enemies/Piña espina 2.prefab
  artifactKey: Guid(80bab29f87fd82442891ab32d5efd64f) Importer(815301076,1909f56bfc062723c751e8b465ee728b)
Start importing Assets/Prefabs/Enemies/Piña espina 2.prefab using Guid(80bab29f87fd82442891ab32d5efd64f) Importer(815301076,1909f56bfc062723c751e8b465ee728b)  -> (artifact id: '1f9ce6dd88923cbcc86ac46e2f12643d') in 0.107690 seconds 
========================================================================
Received Import Request.
  Time since last request: 3.655701 seconds.
  path: Assets/Prefabs/Enemies/Piña espina.prefab
  artifactKey: Guid(26bb29abac99d264aa42af6d89209981) Importer(815301076,1909f56bfc062723c751e8b465ee728b)
Start importing Assets/Prefabs/Enemies/Piña espina.prefab using Guid(26bb29abac99d264aa42af6d89209981) Importer(815301076,1909f56bfc062723c751e8b465ee728b)  -> (artifact id: '598c4d2023077ff970007ecae40c1aec') in 0.085716 seconds 
========================================================================
Received Import Request.
  Time since last request: 3.036474 seconds.
  path: Assets/Prefabs/Enemies/Piña espina 3.prefab
  artifactKey: Guid(48bcd118c4abf634981ddd18e4849ebb) Importer(815301076,1909f56bfc062723c751e8b465ee728b)
Start importing Assets/Prefabs/Enemies/Piña espina 3.prefab using Guid(48bcd118c4abf634981ddd18e4849ebb) Importer(815301076,1909f56bfc062723c751e8b465ee728b)  -> (artifact id: '715bc4fed3de4dc598e2a6ba9d7efe6c') in 0.089879 seconds 
========================================================================
Received Prepare
Registering precompiled user dll's ...
Registered in 0.008830 seconds.
Begin MonoManager ReloadAssembly
Native extension for WindowsStandalone target not found
Refreshing native plugins compatible for Editor in 1.22 ms, found 4 plugins.
Preloading 0 native plugins for Editor in 0.00 ms.
Mono: successfully reloaded assembly
- Completed reload, in  2.027 seconds
Platform modules already initialized, skipping
Switching build target platform(19) subTarget(0) extendedPlatform(0) -> platform(13) subTarget(537395269) extendedPlatform(0)
Shader 'Universal Render Pipeline/Particles/Lit': fallback shader 'Universal Render Pipeline/Particles/SimpleLit' not found
Refreshing native plugins compatible for Editor in 1.47 ms, found 4 plugins.
Preloading 0 native plugins for Editor in 0.00 ms.
Unloading 4517 Unused Serialized files (Serialized files now loaded: 0)
System memory in use before: 192.3 MB.
System memory in use after: 192.8 MB.

Unloading 38 unused Assets to reduce memory usage. Loaded Objects now: 5568.
Total: 5.392100 ms (FindLiveObjects: 0.830300 ms CreateObjectMapping: 0.538500 ms MarkObjects: 3.980600 ms  DeleteObjects: 0.040700 ms)

AssetImportParameters requested are different than current active one (requested -> active):
  custom:graphics/normal-map-encoding: 01000000000000000000000000000000 -> 02000000000000000000000000000000
========================================================================
Received Import Request.
  Time since last request: 470.764597 seconds.
  path: Assets/Prefabs/Enemies/Evir 2.prefab
  artifactKey: Guid(cf416fff9aa2b5941b81b258683cb7b7) Importer(815301076,1909f56bfc062723c751e8b465ee728b)
Start importing Assets/Prefabs/Enemies/Evir 2.prefab using Guid(cf416fff9aa2b5941b81b258683cb7b7) Importer(815301076,1909f56bfc062723c751e8b465ee728b)  -> (artifact id: '14b80f38864e3a2b557d512a3827ac4b') in 0.291208 seconds 
========================================================================
Received Import Request.
  Time since last request: 18.176440 seconds.
  path: Assets/Prefabs/Enemies/Evir.prefab
  artifactKey: Guid(3774a77a0fd811c40a2697d1f6edf2c4) Importer(815301076,1909f56bfc062723c751e8b465ee728b)
Start importing Assets/Prefabs/Enemies/Evir.prefab using Guid(3774a77a0fd811c40a2697d1f6edf2c4) Importer(815301076,1909f56bfc062723c751e8b465ee728b)  -> (artifact id: 'ef4d9a21ffb24483326a98f01f3a6a9c') in 0.056188 seconds 
========================================================================
Received Import Request.
  Time since last request: 53.650371 seconds.
  path: Assets/Prefabs/Enemies/Kraid.prefab
  artifactKey: Guid(2d11aef54d070ea4780a606a781abafb) Importer(815301076,1909f56bfc062723c751e8b465ee728b)
Start importing Assets/Prefabs/Enemies/Kraid.prefab using Guid(2d11aef54d070ea4780a606a781abafb) Importer(815301076,1909f56bfc062723c751e8b465ee728b)  -> (artifact id: '6b0e0397a8bca740972d9f49e555aa0a') in 0.126286 seconds 
========================================================================
Received Import Request.
  Time since last request: 83.364440 seconds.
  path: Assets/Prefabs/Enemy ins/Kraid craw.prefab
  artifactKey: Guid(10e6a91394913144694fc4ecfd2cc27d) Importer(815301076,1909f56bfc062723c751e8b465ee728b)
Start importing Assets/Prefabs/Enemy ins/Kraid craw.prefab using Guid(10e6a91394913144694fc4ecfd2cc27d) Importer(815301076,1909f56bfc062723c751e8b465ee728b)  -> (artifact id: 'ed22d3075aa3b6dd41ff6d29afababf4') in 0.038703 seconds 
========================================================================
Received Import Request.
  Time since last request: 226.699210 seconds.
  path: Assets/Prefabs/Enemies/Kraid.prefab
  artifactKey: Guid(2d11aef54d070ea4780a606a781abafb) Importer(815301076,1909f56bfc062723c751e8b465ee728b)
Start importing Assets/Prefabs/Enemies/Kraid.prefab using Guid(2d11aef54d070ea4780a606a781abafb) Importer(815301076,1909f56bfc062723c751e8b465ee728b)  -> (artifact id: '26074395e12588933e37d50b59ac3f94') in 0.069904 seconds 
========================================================================
Received Import Request.
  Time since last request: 6.526673 seconds.
  path: Assets/Prefabs/Enemy ins/Kraid small claw.prefab
  artifactKey: Guid(df765a444e6455f45acd791894730e9a) Importer(815301076,1909f56bfc062723c751e8b465ee728b)
Start importing Assets/Prefabs/Enemy ins/Kraid small claw.prefab using Guid(df765a444e6455f45acd791894730e9a) Importer(815301076,1909f56bfc062723c751e8b465ee728b)  -> (artifact id: '4ef924b9a3623902b09c2e55bf417225') in 0.041349 seconds 
========================================================================
Received Import Request.
  Time since last request: 106.648902 seconds.
  path: Assets/Prefabs/Enemies/Kraid.prefab
  artifactKey: Guid(2d11aef54d070ea4780a606a781abafb) Importer(815301076,1909f56bfc062723c751e8b465ee728b)
Start importing Assets/Prefabs/Enemies/Kraid.prefab using Guid(2d11aef54d070ea4780a606a781abafb) Importer(815301076,1909f56bfc062723c751e8b465ee728b)  -> (artifact id: '32139ea2cc5d8cc0c20ba6cadda146bc') in 0.055899 seconds 
========================================================================
Received Import Request.
  Time since last request: 141.296990 seconds.
  path: Assets/Prefabs/Enemies/Piña espina 3.prefab
  artifactKey: Guid(48bcd118c4abf634981ddd18e4849ebb) Importer(815301076,1909f56bfc062723c751e8b465ee728b)
Start importing Assets/Prefabs/Enemies/Piña espina 3.prefab using Guid(48bcd118c4abf634981ddd18e4849ebb) Importer(815301076,1909f56bfc062723c751e8b465ee728b)  -> (artifact id: '8b3da61566be475877fd49b192a2e04f') in 0.081158 seconds 
========================================================================
Received Import Request.
  Time since last request: 6.644112 seconds.
  path: Assets/Prefabs/Enemies/Piña espina 2.prefab
  artifactKey: Guid(80bab29f87fd82442891ab32d5efd64f) Importer(815301076,1909f56bfc062723c751e8b465ee728b)
Start importing Assets/Prefabs/Enemies/Piña espina 2.prefab using Guid(80bab29f87fd82442891ab32d5efd64f) Importer(815301076,1909f56bfc062723c751e8b465ee728b)  -> (artifact id: '9b2ffec508b6229720a0fb714a347ef2') in 0.083884 seconds 
========================================================================
Received Import Request.
  Time since last request: 0.000304 seconds.
  path: Assets/Prefabs/Enemies/Piña espina.prefab
  artifactKey: Guid(26bb29abac99d264aa42af6d89209981) Importer(815301076,1909f56bfc062723c751e8b465ee728b)
Start importing Assets/Prefabs/Enemies/Piña espina.prefab using Guid(26bb29abac99d264aa42af6d89209981) Importer(815301076,1909f56bfc062723c751e8b465ee728b)  -> (artifact id: '8163f8ea1a387afd72fbe42768fb6d3d') in 0.082866 seconds 
========================================================================
Received Import Request.
  Time since last request: 5.934605 seconds.
  path: Assets/Prefabs/Enemies/Piña espina 2.prefab
  artifactKey: Guid(80bab29f87fd82442891ab32d5efd64f) Importer(815301076,1909f56bfc062723c751e8b465ee728b)
Start importing Assets/Prefabs/Enemies/Piña espina 2.prefab using Guid(80bab29f87fd82442891ab32d5efd64f) Importer(815301076,1909f56bfc062723c751e8b465ee728b)  -> (artifact id: '7566b02048814f0c9c9f36b9706c99da') in 0.085004 seconds 
========================================================================
Received Import Request.
  Time since last request: 0.000333 seconds.
  path: Assets/Prefabs/Enemies/Piña espina.prefab
  artifactKey: Guid(26bb29abac99d264aa42af6d89209981) Importer(815301076,1909f56bfc062723c751e8b465ee728b)
Start importing Assets/Prefabs/Enemies/Piña espina.prefab using Guid(26bb29abac99d264aa42af6d89209981) Importer(815301076,1909f56bfc062723c751e8b465ee728b)  -> (artifact id: 'd98eab3cb4d805e7df53ac7f75dc8b71') in 0.082530 seconds 
========================================================================
Received Import Request.
  Time since last request: 9.275327 seconds.
  path: Assets/Prefabs/Enemies/Piña espina 2.prefab
  artifactKey: Guid(80bab29f87fd82442891ab32d5efd64f) Importer(815301076,1909f56bfc062723c751e8b465ee728b)
Start importing Assets/Prefabs/Enemies/Piña espina 2.prefab using Guid(80bab29f87fd82442891ab32d5efd64f) Importer(815301076,1909f56bfc062723c751e8b465ee728b)  -> (artifact id: 'd5394244880711240e0ac9a6877f7604') in 0.091398 seconds 
========================================================================
Received Import Request.
  Time since last request: 4.958358 seconds.
  path: Assets/Prefabs/Enemies/Piña espina.prefab
  artifactKey: Guid(26bb29abac99d264aa42af6d89209981) Importer(815301076,1909f56bfc062723c751e8b465ee728b)
Start importing Assets/Prefabs/Enemies/Piña espina.prefab using Guid(26bb29abac99d264aa42af6d89209981) Importer(815301076,1909f56bfc062723c751e8b465ee728b)  -> (artifact id: 'e11c811796beab7411e104403e3e458f') in 0.085031 seconds 
