Using pre-set license
Built from '2021.1/staging' branch; Version is '2021.1.0b5 (37f46e59aab7) revision 3667054'; Using compiler version '192528614'; Build Type 'Release'
OS: 'Windows 10 Pro; OS build 19042.867; Version 2009; 64bit' Language: 'es' Physical Memory: 7984 MB
BatchMode: 1, IsHumanControllingUs: 0, StartBugReporterOnCrash: 0, Is64bit: 1, IsPro: 0

 COMMAND LINE ARGUMENTS:
C:\Program Files\Unity\Hub\Editor\2021.1.0b5\Editor\Unity.exe
-adb2
-batchMode
-noUpm
-name
AssetImportWorker0
-projectPath
C:/Users/Sebastian/Documents/UnityProjects/MProject
-logFile
Logs/AssetImportWorker0.log
-srvPort
50458
Successfully changed project path to: C:/Users/Sebastian/Documents/UnityProjects/MProject
C:/Users/Sebastian/Documents/UnityProjects/MProject
Using Asset Import Pipeline V2.
Refreshing native plugins compatible for Editor in 157.97 ms, found 1 plugins.
Preloading 0 native plugins for Editor in 0.00 ms.
Initialize engine version: 2021.1.0b5 (37f46e59aab7)
[Subsystems] Discovering subsystems at path C:/Program Files/Unity/Hub/Editor/2021.1.0b5/Editor/Data/Resources/UnitySubsystems
[Subsystems] Discovering subsystems at path C:/Users/Sebastian/Documents/UnityProjects/MProject/Assets
GfxDevice: creating device client; threaded=0; jobified=0
Direct3D:
    Version:  Direct3D 11.0 [level 11.1]
    Renderer: Intel(R) HD Graphics 620 (ID=0x5916)
    Vendor:   Intel
    VRAM:     3992 MB
    Driver:   23.20.16.4973
Initialize mono
Mono path[0] = 'C:/Program Files/Unity/Hub/Editor/2021.1.0b5/Editor/Data/Managed'
Mono path[1] = 'C:/Program Files/Unity/Hub/Editor/2021.1.0b5/Editor/Data/MonoBleedingEdge/lib/mono/unityjit'
Mono config path = 'C:/Program Files/Unity/Hub/Editor/2021.1.0b5/Editor/Data/MonoBleedingEdge/etc'
Using monoOptions --debugger-agent=transport=dt_socket,embedding=1,server=y,suspend=n,address=127.0.0.1:56976
Begin MonoManager ReloadAssembly
Registering precompiled unity dll's ...
Register platform support module: C:/Program Files/Unity/Hub/Editor/2021.1.0b5/Editor/Data/PlaybackEngines/WindowsStandaloneSupport/UnityEditor.WindowsStandalone.Extensions.dll
Registered in 0.001785 seconds.
Native extension for WindowsStandalone target not found
Refreshing native plugins compatible for Editor in 132.88 ms, found 1 plugins.
Preloading 0 native plugins for Editor in 0.00 ms.
Mono: successfully reloaded assembly
- Completed reload, in  2.036 seconds
Platform modules already initialized, skipping
Registering precompiled user dll's ...
Registered in 0.003987 seconds.
Begin MonoManager ReloadAssembly
Native extension for WindowsStandalone target not found
Refreshing native plugins compatible for Editor in 139.61 ms, found 1 plugins.
Preloading 0 native plugins for Editor in 0.00 ms.
Mono: successfully reloaded assembly
- Completed reload, in  1.638 seconds
Platform modules already initialized, skipping
========================================================================
Worker process is ready to serve import requests
Shader 'Universal Render Pipeline/Particles/Lit': fallback shader 'Universal Render Pipeline/Particles/SimpleLit' not found
Shader 'Universal Render Pipeline/Particles/Lit': fallback shader 'Universal Render Pipeline/Particles/SimpleLit' not found
Launched and connected shader compiler UnityShaderCompiler.exe after 0.06 seconds
Refreshing native plugins compatible for Editor in 1.48 ms, found 1 plugins.
Preloading 0 native plugins for Editor in 0.00 ms.
Unloading 4455 Unused Serialized files (Serialized files now loaded: 0)
System memory in use before: 319.0 MB.
System memory in use after: 313.9 MB.

Unloading 123 unused Assets to reduce memory usage. Loaded Objects now: 4826.
Total: 7.674600 ms (FindLiveObjects: 0.534500 ms CreateObjectMapping: 0.521800 ms MarkObjects: 3.862700 ms  DeleteObjects: 2.753900 ms)

========================================================================
Received Import Request.
  path: Assets/Prefabs/Scenarios/water demo.prefab
  artifactKey: Guid(53bdf595997bb2048880a9bb9ab6a30b) Importer(815301076,1909f56bfc062723c751e8b465ee728b)
Start importing Assets/Prefabs/Scenarios/water demo.prefab using Guid(53bdf595997bb2048880a9bb9ab6a30b) Importer(815301076,1909f56bfc062723c751e8b465ee728b)  -> (artifact id: '3c3a43c82e234db901b100f6681b9866') in 0.550198 seconds 
========================================================================
Received Import Request.
  Time since last request: 0.011304 seconds.
  path: Assets/Prefabs/Scenarios/Boss kraid.prefab
  artifactKey: Guid(2e654ec46bdeb584aad591e314860864) Importer(815301076,1909f56bfc062723c751e8b465ee728b)
Start importing Assets/Prefabs/Scenarios/Boss kraid.prefab using Guid(2e654ec46bdeb584aad591e314860864) Importer(815301076,1909f56bfc062723c751e8b465ee728b)  -> (artifact id: 'e660e511e4946ce59c7ae80678605a8f') in 0.172863 seconds 
========================================================================
Received Prepare
Shader 'Universal Render Pipeline/Particles/Lit': fallback shader 'Universal Render Pipeline/Particles/SimpleLit' not found
Shader 'Universal Render Pipeline/Particles/Lit': fallback shader 'Universal Render Pipeline/Particles/SimpleLit' not found
Refreshing native plugins compatible for Editor in 8.56 ms, found 1 plugins.
Preloading 0 native plugins for Editor in 0.00 ms.
Unloading 106 Unused Serialized files (Serialized files now loaded: 0)
System memory in use before: 239.0 MB.
System memory in use after: 234.0 MB.

Unloading 106 unused Assets to reduce memory usage. Loaded Objects now: 4893.
Total: 9.712600 ms (FindLiveObjects: 0.731800 ms CreateObjectMapping: 0.517200 ms MarkObjects: 5.909500 ms  DeleteObjects: 2.552300 ms)

AssetImportWorkerClient::OnTransportError - code=2 error=End of file
