Using pre-set license
Built from '2021.1/staging' branch; Version is '2021.1.2f1 (e5d502d80fbb) revision 15062274'; Using compiler version '192528614'; Build Type 'Release'
OS: 'Windows 10 Pro; OS build 19042.1083; Version 2009; 64bit' Language: 'es' Physical Memory: 7984 MB
BatchMode: 1, IsHumanControllingUs: 0, StartBugReporterOnCrash: 0, Is64bit: 1, IsPro: 0

 COMMAND LINE ARGUMENTS:
C:\Program Files\Unity\Hub\Editor\2021.1.2f1\Editor\Unity.exe
-adb2
-batchMode
-noUpm
-name
AssetImportWorker6
-projectPath
C:/Users/Sebastian/Documents/UnityProjects/MetroidDXFinal
-logFile
Logs/AssetImportWorker6.log
-srvPort
62322
Successfully changed project path to: C:/Users/Sebastian/Documents/UnityProjects/MetroidDXFinal
C:/Users/Sebastian/Documents/UnityProjects/MetroidDXFinal
Using Asset Import Pipeline V2.
Refreshing native plugins compatible for Editor in 1157.61 ms, found 4 plugins.
Preloading 0 native plugins for Editor in 0.00 ms.
Initialize engine version: 2021.1.2f1 (e5d502d80fbb)
[Subsystems] Discovering subsystems at path C:/Program Files/Unity/Hub/Editor/2021.1.2f1/Editor/Data/Resources/UnitySubsystems
[Subsystems] Discovering subsystems at path C:/Users/Sebastian/Documents/UnityProjects/MetroidDXFinal/Assets
GfxDevice: creating device client; threaded=0; jobified=0
Direct3D:
    Version:  Direct3D 11.0 [level 11.1]
    Renderer: Intel(R) HD Graphics 620 (ID=0x5916)
    Vendor:   Intel
    VRAM:     3992 MB
    Driver:   23.20.16.4973
Shader 'Universal Render Pipeline/Particles/Lit': fallback shader 'Universal Render Pipeline/Particles/SimpleLit' not found
Initialize mono
Mono path[0] = 'C:/Program Files/Unity/Hub/Editor/2021.1.2f1/Editor/Data/Managed'
Mono path[1] = 'C:/Program Files/Unity/Hub/Editor/2021.1.2f1/Editor/Data/MonoBleedingEdge/lib/mono/unityjit'
Mono config path = 'C:/Program Files/Unity/Hub/Editor/2021.1.2f1/Editor/Data/MonoBleedingEdge/etc'
Using monoOptions --debugger-agent=transport=dt_socket,embedding=1,server=y,suspend=n,address=127.0.0.1:56156
Begin MonoManager ReloadAssembly
Registering precompiled unity dll's ...
Register platform support module: C:/Program Files/Unity/Hub/Editor/2021.1.2f1/Editor/Data/PlaybackEngines/WindowsStandaloneSupport/UnityEditor.WindowsStandalone.Extensions.dll
Registered in 0.002712 seconds.
Native extension for WindowsStandalone target not found
Refreshing native plugins compatible for Editor in 320.44 ms, found 4 plugins.
Preloading 0 native plugins for Editor in 0.00 ms.
Mono: successfully reloaded assembly
- Completed reload, in  4.682 seconds
Platform modules already initialized, skipping
Registering precompiled user dll's ...
Registered in 0.008390 seconds.
Begin MonoManager ReloadAssembly
Native extension for WindowsStandalone target not found
Refreshing native plugins compatible for Editor in 339.60 ms, found 4 plugins.
Preloading 0 native plugins for Editor in 0.00 ms.
Mono: successfully reloaded assembly
- Completed reload, in  4.351 seconds
Platform modules already initialized, skipping
========================================================================
Worker process is ready to serve import requests
Shader 'Universal Render Pipeline/Particles/Lit': fallback shader 'Universal Render Pipeline/Particles/SimpleLit' not found
Launched and connected shader compiler UnityShaderCompiler.exe after 0.14 seconds
Refreshing native plugins compatible for Editor in 17.46 ms, found 4 plugins.
Preloading 0 native plugins for Editor in 0.00 ms.
Unloading 4703 Unused Serialized files (Serialized files now loaded: 0)
System memory in use before: 200.8 MB.
System memory in use after: 201.0 MB.

Unloading 49 unused Assets to reduce memory usage. Loaded Objects now: 5153.
Total: 18.313300 ms (FindLiveObjects: 2.956700 ms CreateObjectMapping: 0.903100 ms MarkObjects: 14.280000 ms  DeleteObjects: 0.169500 ms)

========================================================================
Received Import Request.
  path: Assets/Sprites/xds/Ridley special tail.psb
  artifactKey: Guid(9bcd91438fe64874f9bd628887bfbda9) Importer(815301076,1909f56bfc062723c751e8b465ee728b)
Start importing Assets/Sprites/xds/Ridley special tail.psb using Guid(9bcd91438fe64874f9bd628887bfbda9) Importer(815301076,1909f56bfc062723c751e8b465ee728b)  -> (artifact id: '6cd52be7feecd8383a681e5fd73aeb7b') in 3.032155 seconds 
========================================================================
Received Import Request.
  Time since last request: 0.002432 seconds.
  path: Assets/Sprites/UI/UI.png
  artifactKey: Guid(49e03d2467e04e74ab3fb47537db5ccb) Importer(815301076,1909f56bfc062723c751e8b465ee728b)
Start importing Assets/Sprites/UI/UI.png using Guid(49e03d2467e04e74ab3fb47537db5ccb) Importer(815301076,1909f56bfc062723c751e8b465ee728b)  -> (artifact id: 'ff286262bf3d4d488731de96564d6027') in 0.819387 seconds 
========================================================================
Received Prepare
Registering precompiled user dll's ...
Registered in 0.008067 seconds.
Begin MonoManager ReloadAssembly
Native extension for WindowsStandalone target not found
Refreshing native plugins compatible for Editor in 6.65 ms, found 4 plugins.
Preloading 0 native plugins for Editor in 0.00 ms.
Mono: successfully reloaded assembly
- Completed reload, in  4.877 seconds
Platform modules already initialized, skipping
Shader 'Universal Render Pipeline/Particles/Lit': fallback shader 'Universal Render Pipeline/Particles/SimpleLit' not found
Refreshing native plugins compatible for Editor in 2.27 ms, found 4 plugins.
Preloading 0 native plugins for Editor in 0.00 ms.
Unloading 4526 Unused Serialized files (Serialized files now loaded: 0)
System memory in use before: 195.2 MB.
System memory in use after: 195.4 MB.

Unloading 38 unused Assets to reduce memory usage. Loaded Objects now: 5260.
Total: 15.094700 ms (FindLiveObjects: 3.370300 ms CreateObjectMapping: 0.705300 ms MarkObjects: 10.948500 ms  DeleteObjects: 0.056800 ms)

========================================================================
Received Import Request.
  Time since last request: 1053.263187 seconds.
  path: Assets/Sprites/xds/4.png
  artifactKey: Guid(ec068d2f721482e4990d1fd314279816) Importer(815301076,1909f56bfc062723c751e8b465ee728b)
Start importing Assets/Sprites/xds/4.png using Guid(ec068d2f721482e4990d1fd314279816) Importer(815301076,1909f56bfc062723c751e8b465ee728b)  -> (artifact id: 'cdbdcd6729acd5cc961120a32310b9a3') in 0.232562 seconds 
========================================================================
Received Import Request.
  Time since last request: 43.013023 seconds.
  path: Assets/Sprites/xds 1/Lava 1.png
  artifactKey: Guid(2ffa33a4e3e95bc41a642afbbe1ef6c8) Importer(815301076,1909f56bfc062723c751e8b465ee728b)
Start importing Assets/Sprites/xds 1/Lava 1.png using Guid(2ffa33a4e3e95bc41a642afbbe1ef6c8) Importer(815301076,1909f56bfc062723c751e8b465ee728b)  -> (artifact id: '3e5cd5fe5286315103858b3f0bf2f357') in 0.092166 seconds 
========================================================================
Received Import Request.
  Time since last request: 6.158010 seconds.
  path: Assets/Sprites/xds 1/Lava 1.png
  artifactKey: Guid(2ffa33a4e3e95bc41a642afbbe1ef6c8) Importer(815301076,1909f56bfc062723c751e8b465ee728b)
Start importing Assets/Sprites/xds 1/Lava 1.png using Guid(2ffa33a4e3e95bc41a642afbbe1ef6c8) Importer(815301076,1909f56bfc062723c751e8b465ee728b)  -> (artifact id: 'ce3a18448e226d01ad3fbdace9ba0add') in 0.099471 seconds 
========================================================================
Received Prepare
Registering precompiled user dll's ...
Registered in 0.009453 seconds.
Begin MonoManager ReloadAssembly
Native extension for WindowsStandalone target not found
Refreshing native plugins compatible for Editor in 8.49 ms, found 4 plugins.
Preloading 0 native plugins for Editor in 0.00 ms.
Mono: successfully reloaded assembly
- Completed reload, in  5.704 seconds
Platform modules already initialized, skipping
Shader 'Universal Render Pipeline/Particles/Lit': fallback shader 'Universal Render Pipeline/Particles/SimpleLit' not found
Refreshing native plugins compatible for Editor in 4.56 ms, found 4 plugins.
Preloading 0 native plugins for Editor in 0.00 ms.
Unloading 4526 Unused Serialized files (Serialized files now loaded: 0)
System memory in use before: 196.7 MB.
System memory in use after: 196.9 MB.

Unloading 38 unused Assets to reduce memory usage. Loaded Objects now: 5320.
Total: 18.176200 ms (FindLiveObjects: 0.791300 ms CreateObjectMapping: 4.752800 ms MarkObjects: 12.572300 ms  DeleteObjects: 0.055000 ms)

========================================================================
Received Import Request.
  Time since last request: 330.876515 seconds.
  path: Assets/Scripts/Game/Menus/ItemMenuController.cs
  artifactKey: Guid(6540a140b2b416541ae7316f1c42ea36) Importer(815301076,1909f56bfc062723c751e8b465ee728b)
Start importing Assets/Scripts/Game/Menus/ItemMenuController.cs using Guid(6540a140b2b416541ae7316f1c42ea36) Importer(815301076,1909f56bfc062723c751e8b465ee728b)  -> (artifact id: '4b7b0b1b1c7abd64f01ccda8e6d8aae0') in 0.047015 seconds 
========================================================================
Received Prepare
Registering precompiled user dll's ...
Registered in 0.010810 seconds.
Begin MonoManager ReloadAssembly
Native extension for WindowsStandalone target not found
Refreshing native plugins compatible for Editor in 1.39 ms, found 4 plugins.
Preloading 0 native plugins for Editor in 0.00 ms.
Mono: successfully reloaded assembly
- Completed reload, in  1.963 seconds
Platform modules already initialized, skipping
Shader 'Universal Render Pipeline/Particles/Lit': fallback shader 'Universal Render Pipeline/Particles/SimpleLit' not found
Refreshing native plugins compatible for Editor in 2.13 ms, found 4 plugins.
Preloading 0 native plugins for Editor in 0.00 ms.
Unloading 4525 Unused Serialized files (Serialized files now loaded: 0)
System memory in use before: 196.6 MB.
System memory in use after: 196.9 MB.

Unloading 38 unused Assets to reduce memory usage. Loaded Objects now: 5324.
Total: 10.107400 ms (FindLiveObjects: 0.893000 ms CreateObjectMapping: 0.631900 ms MarkObjects: 8.513300 ms  DeleteObjects: 0.066900 ms)

========================================================================
Received Import Request.
  Time since last request: 110.771668 seconds.
  path: Assets/Scripts/Game/Menus/Controller.cs
  artifactKey: Guid(653a1715bade63643856fd8302d7609a) Importer(815301076,1909f56bfc062723c751e8b465ee728b)
Start importing Assets/Scripts/Game/Menus/Controller.cs using Guid(653a1715bade63643856fd8302d7609a) Importer(815301076,1909f56bfc062723c751e8b465ee728b)  -> (artifact id: 'da9df95c0ee57977530f50fcb164bfa8') in 0.079304 seconds 
========================================================================
Received Prepare
Registering precompiled user dll's ...
Registered in 0.004906 seconds.
Begin MonoManager ReloadAssembly
Native extension for WindowsStandalone target not found
Refreshing native plugins compatible for Editor in 1.99 ms, found 4 plugins.
Preloading 0 native plugins for Editor in 0.00 ms.
Mono: successfully reloaded assembly
- Completed reload, in  2.638 seconds
Platform modules already initialized, skipping
Shader 'Universal Render Pipeline/Particles/Lit': fallback shader 'Universal Render Pipeline/Particles/SimpleLit' not found
Refreshing native plugins compatible for Editor in 1.93 ms, found 4 plugins.
Preloading 0 native plugins for Editor in 0.00 ms.
Unloading 4526 Unused Serialized files (Serialized files now loaded: 0)
System memory in use before: 196.7 MB.
System memory in use after: 197.0 MB.

Unloading 38 unused Assets to reduce memory usage. Loaded Objects now: 5328.
Total: 5.445800 ms (FindLiveObjects: 0.679700 ms CreateObjectMapping: 0.722600 ms MarkObjects: 4.006300 ms  DeleteObjects: 0.035700 ms)

========================================================================
Received Prepare
Registering precompiled user dll's ...
Registered in 0.005518 seconds.
Begin MonoManager ReloadAssembly
Native extension for WindowsStandalone target not found
Refreshing native plugins compatible for Editor in 1.48 ms, found 4 plugins.
Preloading 0 native plugins for Editor in 0.00 ms.
Mono: successfully reloaded assembly
- Completed reload, in  4.528 seconds
Platform modules already initialized, skipping
Shader 'Universal Render Pipeline/Particles/Lit': fallback shader 'Universal Render Pipeline/Particles/SimpleLit' not found
Refreshing native plugins compatible for Editor in 3.16 ms, found 4 plugins.
Preloading 0 native plugins for Editor in 0.00 ms.
Unloading 4526 Unused Serialized files (Serialized files now loaded: 0)
System memory in use before: 196.7 MB.
System memory in use after: 197.0 MB.

Unloading 38 unused Assets to reduce memory usage. Loaded Objects now: 5331.
Total: 7.252800 ms (FindLiveObjects: 0.815500 ms CreateObjectMapping: 0.639900 ms MarkObjects: 5.730800 ms  DeleteObjects: 0.064200 ms)

========================================================================
Received Import Request.
  Time since last request: 715.795358 seconds.
  path: Assets/Scripts/Game/Menus/Controller.cs
  artifactKey: Guid(653a1715bade63643856fd8302d7609a) Importer(815301076,1909f56bfc062723c751e8b465ee728b)
Start importing Assets/Scripts/Game/Menus/Controller.cs using Guid(653a1715bade63643856fd8302d7609a) Importer(815301076,1909f56bfc062723c751e8b465ee728b)  -> (artifact id: '9f3ffc9f758af53fc1271ad12a460d6b') in 0.022028 seconds 
========================================================================
Received Prepare
Registering precompiled user dll's ...
Registered in 0.007155 seconds.
Begin MonoManager ReloadAssembly
Native extension for WindowsStandalone target not found
Refreshing native plugins compatible for Editor in 1.76 ms, found 4 plugins.
Preloading 0 native plugins for Editor in 0.00 ms.
Mono: successfully reloaded assembly
- Completed reload, in  2.366 seconds
Platform modules already initialized, skipping
Shader 'Universal Render Pipeline/Particles/Lit': fallback shader 'Universal Render Pipeline/Particles/SimpleLit' not found
Refreshing native plugins compatible for Editor in 1.59 ms, found 4 plugins.
Preloading 0 native plugins for Editor in 0.00 ms.
Unloading 4526 Unused Serialized files (Serialized files now loaded: 0)
System memory in use before: 196.8 MB.
System memory in use after: 197.0 MB.

Unloading 38 unused Assets to reduce memory usage. Loaded Objects now: 5334.
Total: 5.853300 ms (FindLiveObjects: 0.576000 ms CreateObjectMapping: 0.373200 ms MarkObjects: 4.856200 ms  DeleteObjects: 0.046000 ms)

========================================================================
Received Prepare
Registering precompiled user dll's ...
Registered in 0.006566 seconds.
Begin MonoManager ReloadAssembly
Native extension for WindowsStandalone target not found
Refreshing native plugins compatible for Editor in 1.91 ms, found 4 plugins.
Preloading 0 native plugins for Editor in 0.00 ms.
Mono: successfully reloaded assembly
- Completed reload, in  1.943 seconds
Platform modules already initialized, skipping
Shader 'Universal Render Pipeline/Particles/Lit': fallback shader 'Universal Render Pipeline/Particles/SimpleLit' not found
Refreshing native plugins compatible for Editor in 1.62 ms, found 4 plugins.
Preloading 0 native plugins for Editor in 0.00 ms.
Unloading 4526 Unused Serialized files (Serialized files now loaded: 0)
System memory in use before: 196.8 MB.
System memory in use after: 197.0 MB.

Unloading 38 unused Assets to reduce memory usage. Loaded Objects now: 5337.
Total: 5.431400 ms (FindLiveObjects: 0.580700 ms CreateObjectMapping: 0.528900 ms MarkObjects: 4.280600 ms  DeleteObjects: 0.039700 ms)

========================================================================
Received Import Request.
  Time since last request: 584.191904 seconds.
  path: Assets/Scripts/Game/Menus/SlotsController.cs
  artifactKey: Guid(707b70159020b3c4a90a03decca79809) Importer(815301076,1909f56bfc062723c751e8b465ee728b)
Start importing Assets/Scripts/Game/Menus/SlotsController.cs using Guid(707b70159020b3c4a90a03decca79809) Importer(815301076,1909f56bfc062723c751e8b465ee728b)  -> (artifact id: '6e71ed0d93fc9de66fd3b2d6d0a406fc') in 0.121117 seconds 
========================================================================
Received Prepare
Registering precompiled user dll's ...
Registered in 0.019246 seconds.
Begin MonoManager ReloadAssembly
Native extension for WindowsStandalone target not found
Refreshing native plugins compatible for Editor in 1.49 ms, found 4 plugins.
Preloading 0 native plugins for Editor in 0.00 ms.
Mono: successfully reloaded assembly
- Completed reload, in  2.570 seconds
Platform modules already initialized, skipping
Shader 'Universal Render Pipeline/Particles/Lit': fallback shader 'Universal Render Pipeline/Particles/SimpleLit' not found
Refreshing native plugins compatible for Editor in 5.71 ms, found 4 plugins.
Preloading 0 native plugins for Editor in 0.00 ms.
Unloading 4527 Unused Serialized files (Serialized files now loaded: 0)
System memory in use before: 196.8 MB.
System memory in use after: 197.1 MB.

Unloading 38 unused Assets to reduce memory usage. Loaded Objects now: 5341.
Total: 7.457700 ms (FindLiveObjects: 0.756200 ms CreateObjectMapping: 0.622300 ms MarkObjects: 6.029800 ms  DeleteObjects: 0.048200 ms)

========================================================================
Received Prepare
Registering precompiled user dll's ...
Registered in 0.005437 seconds.
Begin MonoManager ReloadAssembly
Native extension for WindowsStandalone target not found
Refreshing native plugins compatible for Editor in 1.54 ms, found 4 plugins.
Preloading 0 native plugins for Editor in 0.00 ms.
Mono: successfully reloaded assembly
- Completed reload, in  1.665 seconds
Platform modules already initialized, skipping
Shader 'Universal Render Pipeline/Particles/Lit': fallback shader 'Universal Render Pipeline/Particles/SimpleLit' not found
Refreshing native plugins compatible for Editor in 1.47 ms, found 4 plugins.
Preloading 0 native plugins for Editor in 0.00 ms.
Unloading 4527 Unused Serialized files (Serialized files now loaded: 0)
System memory in use before: 196.8 MB.
System memory in use after: 197.1 MB.

Unloading 38 unused Assets to reduce memory usage. Loaded Objects now: 5344.
Total: 5.645100 ms (FindLiveObjects: 0.764600 ms CreateObjectMapping: 0.495500 ms MarkObjects: 4.343400 ms  DeleteObjects: 0.039300 ms)

========================================================================
Received Import Request.
  Time since last request: 1278.099309 seconds.
  path: Assets/Scripts/Game/Menus/SlotsController.cs
  artifactKey: Guid(707b70159020b3c4a90a03decca79809) Importer(815301076,1909f56bfc062723c751e8b465ee728b)
Start importing Assets/Scripts/Game/Menus/SlotsController.cs using Guid(707b70159020b3c4a90a03decca79809) Importer(815301076,1909f56bfc062723c751e8b465ee728b)  -> (artifact id: 'e8b24902fb972c69bb00fdcd582e444f') in 0.010913 seconds 
========================================================================
Received Prepare
Registering precompiled user dll's ...
Registered in 0.005402 seconds.
Begin MonoManager ReloadAssembly
Native extension for WindowsStandalone target not found
Refreshing native plugins compatible for Editor in 1.34 ms, found 4 plugins.
Preloading 0 native plugins for Editor in 0.00 ms.
Mono: successfully reloaded assembly
- Completed reload, in  1.788 seconds
Platform modules already initialized, skipping
Shader 'Universal Render Pipeline/Particles/Lit': fallback shader 'Universal Render Pipeline/Particles/SimpleLit' not found
Refreshing native plugins compatible for Editor in 1.52 ms, found 4 plugins.
Preloading 0 native plugins for Editor in 0.00 ms.
Unloading 4527 Unused Serialized files (Serialized files now loaded: 0)
System memory in use before: 196.8 MB.
System memory in use after: 197.1 MB.

Unloading 38 unused Assets to reduce memory usage. Loaded Objects now: 5347.
Total: 5.500300 ms (FindLiveObjects: 0.604500 ms CreateObjectMapping: 0.404800 ms MarkObjects: 4.448500 ms  DeleteObjects: 0.041000 ms)

========================================================================
Received Prepare
Registering precompiled user dll's ...
Registered in 0.006595 seconds.
Begin MonoManager ReloadAssembly
Native extension for WindowsStandalone target not found
Refreshing native plugins compatible for Editor in 1.65 ms, found 4 plugins.
Preloading 0 native plugins for Editor in 0.00 ms.
Mono: successfully reloaded assembly
- Completed reload, in  2.206 seconds
Platform modules already initialized, skipping
Shader 'Universal Render Pipeline/Particles/Lit': fallback shader 'Universal Render Pipeline/Particles/SimpleLit' not found
Refreshing native plugins compatible for Editor in 1.69 ms, found 4 plugins.
Preloading 0 native plugins for Editor in 0.00 ms.
Unloading 4527 Unused Serialized files (Serialized files now loaded: 0)
System memory in use before: 196.8 MB.
System memory in use after: 197.1 MB.

Unloading 38 unused Assets to reduce memory usage. Loaded Objects now: 5350.
Total: 5.669200 ms (FindLiveObjects: 0.891300 ms CreateObjectMapping: 0.536700 ms MarkObjects: 4.205400 ms  DeleteObjects: 0.033800 ms)

========================================================================
Received Prepare
Registering precompiled user dll's ...
Registered in 0.008800 seconds.
Begin MonoManager ReloadAssembly
Native extension for WindowsStandalone target not found
Refreshing native plugins compatible for Editor in 2.17 ms, found 4 plugins.
Preloading 0 native plugins for Editor in 0.00 ms.
Mono: successfully reloaded assembly
- Completed reload, in  1.895 seconds
Platform modules already initialized, skipping
Shader 'Universal Render Pipeline/Particles/Lit': fallback shader 'Universal Render Pipeline/Particles/SimpleLit' not found
Refreshing native plugins compatible for Editor in 1.59 ms, found 4 plugins.
Preloading 0 native plugins for Editor in 0.00 ms.
Unloading 4527 Unused Serialized files (Serialized files now loaded: 0)
System memory in use before: 196.8 MB.
System memory in use after: 197.1 MB.

Unloading 38 unused Assets to reduce memory usage. Loaded Objects now: 5353.
Total: 6.700800 ms (FindLiveObjects: 0.793700 ms CreateObjectMapping: 0.371600 ms MarkObjects: 5.476900 ms  DeleteObjects: 0.057200 ms)

========================================================================
Received Prepare
Registering precompiled user dll's ...
Registered in 0.008157 seconds.
Begin MonoManager ReloadAssembly
Native extension for WindowsStandalone target not found
Refreshing native plugins compatible for Editor in 1.48 ms, found 4 plugins.
Preloading 0 native plugins for Editor in 0.00 ms.
Mono: successfully reloaded assembly
- Completed reload, in  2.173 seconds
Platform modules already initialized, skipping
Shader 'Universal Render Pipeline/Particles/Lit': fallback shader 'Universal Render Pipeline/Particles/SimpleLit' not found
Refreshing native plugins compatible for Editor in 2.91 ms, found 4 plugins.
Preloading 0 native plugins for Editor in 0.00 ms.
Unloading 4527 Unused Serialized files (Serialized files now loaded: 0)
System memory in use before: 197.1 MB.
System memory in use after: 197.3 MB.

Unloading 38 unused Assets to reduce memory usage. Loaded Objects now: 5356.
Total: 12.242800 ms (FindLiveObjects: 0.818000 ms CreateObjectMapping: 0.793200 ms MarkObjects: 10.569100 ms  DeleteObjects: 0.057300 ms)

========================================================================
Received Prepare
Registering precompiled user dll's ...
Registered in 0.032561 seconds.
Begin MonoManager ReloadAssembly
Native extension for WindowsStandalone target not found
Refreshing native plugins compatible for Editor in 1.40 ms, found 4 plugins.
Preloading 0 native plugins for Editor in 0.00 ms.
Mono: successfully reloaded assembly
- Completed reload, in  1.649 seconds
Platform modules already initialized, skipping
Shader 'Universal Render Pipeline/Particles/Lit': fallback shader 'Universal Render Pipeline/Particles/SimpleLit' not found
Refreshing native plugins compatible for Editor in 1.48 ms, found 4 plugins.
Preloading 0 native plugins for Editor in 0.00 ms.
Unloading 4527 Unused Serialized files (Serialized files now loaded: 0)
System memory in use before: 197.1 MB.
System memory in use after: 197.3 MB.

Unloading 38 unused Assets to reduce memory usage. Loaded Objects now: 5359.
Total: 5.009000 ms (FindLiveObjects: 0.586700 ms CreateObjectMapping: 0.410000 ms MarkObjects: 3.974900 ms  DeleteObjects: 0.036100 ms)

========================================================================
Received Prepare
Registering precompiled user dll's ...
Registered in 0.005486 seconds.
Begin MonoManager ReloadAssembly
Native extension for WindowsStandalone target not found
Refreshing native plugins compatible for Editor in 1.47 ms, found 4 plugins.
Preloading 0 native plugins for Editor in 0.00 ms.
Mono: successfully reloaded assembly
- Completed reload, in  1.964 seconds
Platform modules already initialized, skipping
Shader 'Universal Render Pipeline/Particles/Lit': fallback shader 'Universal Render Pipeline/Particles/SimpleLit' not found
Refreshing native plugins compatible for Editor in 1.55 ms, found 4 plugins.
Preloading 0 native plugins for Editor in 0.00 ms.
Unloading 4527 Unused Serialized files (Serialized files now loaded: 0)
System memory in use before: 197.1 MB.
System memory in use after: 197.3 MB.

Unloading 38 unused Assets to reduce memory usage. Loaded Objects now: 5362.
Total: 5.548000 ms (FindLiveObjects: 0.683300 ms CreateObjectMapping: 0.381500 ms MarkObjects: 4.446200 ms  DeleteObjects: 0.035500 ms)

========================================================================
Received Prepare
Registering precompiled user dll's ...
Registered in 0.005323 seconds.
Begin MonoManager ReloadAssembly
Native extension for WindowsStandalone target not found
Refreshing native plugins compatible for Editor in 1.71 ms, found 4 plugins.
Preloading 0 native plugins for Editor in 0.00 ms.
Mono: successfully reloaded assembly
- Completed reload, in  1.718 seconds
Platform modules already initialized, skipping
Shader 'Universal Render Pipeline/Particles/Lit': fallback shader 'Universal Render Pipeline/Particles/SimpleLit' not found
Refreshing native plugins compatible for Editor in 1.46 ms, found 4 plugins.
Preloading 0 native plugins for Editor in 0.00 ms.
Unloading 4527 Unused Serialized files (Serialized files now loaded: 0)
System memory in use before: 197.1 MB.
System memory in use after: 197.3 MB.

Unloading 38 unused Assets to reduce memory usage. Loaded Objects now: 5365.
Total: 6.473200 ms (FindLiveObjects: 0.601800 ms CreateObjectMapping: 0.417300 ms MarkObjects: 5.387400 ms  DeleteObjects: 0.065000 ms)

========================================================================
Received Prepare
Registering precompiled user dll's ...
Registered in 0.009043 seconds.
Begin MonoManager ReloadAssembly
Native extension for WindowsStandalone target not found
Refreshing native plugins compatible for Editor in 1.46 ms, found 4 plugins.
Preloading 0 native plugins for Editor in 0.00 ms.
Mono: successfully reloaded assembly
- Completed reload, in  1.999 seconds
Platform modules already initialized, skipping
Shader 'Universal Render Pipeline/Particles/Lit': fallback shader 'Universal Render Pipeline/Particles/SimpleLit' not found
Refreshing native plugins compatible for Editor in 1.70 ms, found 4 plugins.
Preloading 0 native plugins for Editor in 0.00 ms.
Unloading 4527 Unused Serialized files (Serialized files now loaded: 0)
System memory in use before: 197.1 MB.
System memory in use after: 197.4 MB.

Unloading 38 unused Assets to reduce memory usage. Loaded Objects now: 5368.
Total: 5.500300 ms (FindLiveObjects: 0.666700 ms CreateObjectMapping: 0.639500 ms MarkObjects: 4.154300 ms  DeleteObjects: 0.038000 ms)

========================================================================
Received Prepare
Registering precompiled user dll's ...
Registered in 0.005019 seconds.
Begin MonoManager ReloadAssembly
Native extension for WindowsStandalone target not found
Refreshing native plugins compatible for Editor in 1.49 ms, found 4 plugins.
Preloading 0 native plugins for Editor in 0.00 ms.
Mono: successfully reloaded assembly
- Completed reload, in  2.481 seconds
Platform modules already initialized, skipping
Shader 'Universal Render Pipeline/Particles/Lit': fallback shader 'Universal Render Pipeline/Particles/SimpleLit' not found
Refreshing native plugins compatible for Editor in 1.42 ms, found 4 plugins.
Preloading 0 native plugins for Editor in 0.00 ms.
Unloading 4527 Unused Serialized files (Serialized files now loaded: 0)
System memory in use before: 197.1 MB.
System memory in use after: 197.4 MB.

Unloading 38 unused Assets to reduce memory usage. Loaded Objects now: 5371.
Total: 7.580900 ms (FindLiveObjects: 1.219500 ms CreateObjectMapping: 1.330500 ms MarkObjects: 4.974200 ms  DeleteObjects: 0.054600 ms)

========================================================================
Received Prepare
Registering precompiled user dll's ...
Registered in 0.004967 seconds.
Begin MonoManager ReloadAssembly
Native extension for WindowsStandalone target not found
Refreshing native plugins compatible for Editor in 1.69 ms, found 4 plugins.
Preloading 0 native plugins for Editor in 0.00 ms.
Mono: successfully reloaded assembly
- Completed reload, in  2.022 seconds
Platform modules already initialized, skipping
Shader 'Universal Render Pipeline/Particles/Lit': fallback shader 'Universal Render Pipeline/Particles/SimpleLit' not found
Refreshing native plugins compatible for Editor in 1.59 ms, found 4 plugins.
Preloading 0 native plugins for Editor in 0.00 ms.
Unloading 4527 Unused Serialized files (Serialized files now loaded: 0)
System memory in use before: 197.1 MB.
System memory in use after: 197.4 MB.

Unloading 38 unused Assets to reduce memory usage. Loaded Objects now: 5374.
Total: 5.362400 ms (FindLiveObjects: 0.916100 ms CreateObjectMapping: 0.529100 ms MarkObjects: 3.880700 ms  DeleteObjects: 0.034100 ms)

========================================================================
Received Prepare
Registering precompiled user dll's ...
Registered in 0.009018 seconds.
Begin MonoManager ReloadAssembly
Native extension for WindowsStandalone target not found
Refreshing native plugins compatible for Editor in 1.61 ms, found 4 plugins.
Preloading 0 native plugins for Editor in 0.00 ms.
Mono: successfully reloaded assembly
- Completed reload, in  1.571 seconds
Platform modules already initialized, skipping
Shader 'Universal Render Pipeline/Particles/Lit': fallback shader 'Universal Render Pipeline/Particles/SimpleLit' not found
Refreshing native plugins compatible for Editor in 2.87 ms, found 4 plugins.
Preloading 0 native plugins for Editor in 0.00 ms.
Unloading 4527 Unused Serialized files (Serialized files now loaded: 0)
System memory in use before: 197.1 MB.
System memory in use after: 197.4 MB.

Unloading 38 unused Assets to reduce memory usage. Loaded Objects now: 5377.
Total: 7.100300 ms (FindLiveObjects: 0.829500 ms CreateObjectMapping: 0.538400 ms MarkObjects: 5.686400 ms  DeleteObjects: 0.044000 ms)

========================================================================
Received Prepare
Registering precompiled user dll's ...
Registered in 0.008692 seconds.
Begin MonoManager ReloadAssembly
Native extension for WindowsStandalone target not found
Refreshing native plugins compatible for Editor in 1.28 ms, found 4 plugins.
Preloading 0 native plugins for Editor in 0.00 ms.
Mono: successfully reloaded assembly
- Completed reload, in  1.783 seconds
Platform modules already initialized, skipping
Shader 'Universal Render Pipeline/Particles/Lit': fallback shader 'Universal Render Pipeline/Particles/SimpleLit' not found
Refreshing native plugins compatible for Editor in 4.56 ms, found 4 plugins.
Preloading 0 native plugins for Editor in 0.00 ms.
Unloading 4527 Unused Serialized files (Serialized files now loaded: 0)
System memory in use before: 197.2 MB.
System memory in use after: 197.4 MB.

Unloading 38 unused Assets to reduce memory usage. Loaded Objects now: 5380.
Total: 13.095900 ms (FindLiveObjects: 1.685200 ms CreateObjectMapping: 0.865900 ms MarkObjects: 10.474100 ms  DeleteObjects: 0.068500 ms)

========================================================================
Received Prepare
Registering precompiled user dll's ...
Registered in 0.005376 seconds.
Begin MonoManager ReloadAssembly
Native extension for WindowsStandalone target not found
Refreshing native plugins compatible for Editor in 2.02 ms, found 4 plugins.
Preloading 0 native plugins for Editor in 0.00 ms.
Mono: successfully reloaded assembly
- Completed reload, in  4.935 seconds
Platform modules already initialized, skipping
Shader 'Universal Render Pipeline/Particles/Lit': fallback shader 'Universal Render Pipeline/Particles/SimpleLit' not found
Refreshing native plugins compatible for Editor in 3.20 ms, found 4 plugins.
Preloading 0 native plugins for Editor in 0.00 ms.
Unloading 4527 Unused Serialized files (Serialized files now loaded: 0)
System memory in use before: 197.2 MB.
System memory in use after: 197.4 MB.

Unloading 38 unused Assets to reduce memory usage. Loaded Objects now: 5383.
Total: 13.606800 ms (FindLiveObjects: 1.135400 ms CreateObjectMapping: 1.013000 ms MarkObjects: 11.403400 ms  DeleteObjects: 0.053100 ms)

========================================================================
Received Prepare
Registering precompiled user dll's ...
Registered in 0.006470 seconds.
Begin MonoManager ReloadAssembly
Native extension for WindowsStandalone target not found
Refreshing native plugins compatible for Editor in 3.10 ms, found 4 plugins.
Preloading 0 native plugins for Editor in 0.00 ms.
Mono: successfully reloaded assembly
- Completed reload, in  2.415 seconds
Platform modules already initialized, skipping
Shader 'Universal Render Pipeline/Particles/Lit': fallback shader 'Universal Render Pipeline/Particles/SimpleLit' not found
Refreshing native plugins compatible for Editor in 2.83 ms, found 4 plugins.
Preloading 0 native plugins for Editor in 0.00 ms.
Unloading 4527 Unused Serialized files (Serialized files now loaded: 0)
System memory in use before: 197.2 MB.
System memory in use after: 197.4 MB.

Unloading 38 unused Assets to reduce memory usage. Loaded Objects now: 5386.
Total: 12.809300 ms (FindLiveObjects: 0.932700 ms CreateObjectMapping: 0.868800 ms MarkObjects: 10.520500 ms  DeleteObjects: 0.481900 ms)

========================================================================
Received Prepare
Registering precompiled user dll's ...
Registered in 0.008339 seconds.
Begin MonoManager ReloadAssembly
Native extension for WindowsStandalone target not found
Refreshing native plugins compatible for Editor in 1.27 ms, found 4 plugins.
Preloading 0 native plugins for Editor in 0.00 ms.
Mono: successfully reloaded assembly
- Completed reload, in  1.845 seconds
Platform modules already initialized, skipping
Shader 'Universal Render Pipeline/Particles/Lit': fallback shader 'Universal Render Pipeline/Particles/SimpleLit' not found
Refreshing native plugins compatible for Editor in 1.44 ms, found 4 plugins.
Preloading 0 native plugins for Editor in 0.00 ms.
Unloading 4527 Unused Serialized files (Serialized files now loaded: 0)
System memory in use before: 197.2 MB.
System memory in use after: 197.5 MB.

Unloading 38 unused Assets to reduce memory usage. Loaded Objects now: 5389.
Total: 6.102500 ms (FindLiveObjects: 0.627700 ms CreateObjectMapping: 0.429000 ms MarkObjects: 5.010900 ms  DeleteObjects: 0.033400 ms)

========================================================================
Received Prepare
Registering precompiled user dll's ...
Registered in 0.008040 seconds.
Begin MonoManager ReloadAssembly
Native extension for WindowsStandalone target not found
Refreshing native plugins compatible for Editor in 1.67 ms, found 4 plugins.
Preloading 0 native plugins for Editor in 0.00 ms.
Mono: successfully reloaded assembly
- Completed reload, in  1.661 seconds
Platform modules already initialized, skipping
Shader 'Universal Render Pipeline/Particles/Lit': fallback shader 'Universal Render Pipeline/Particles/SimpleLit' not found
Refreshing native plugins compatible for Editor in 1.62 ms, found 4 plugins.
Preloading 0 native plugins for Editor in 0.00 ms.
Unloading 4527 Unused Serialized files (Serialized files now loaded: 0)
System memory in use before: 197.2 MB.
System memory in use after: 197.5 MB.

Unloading 38 unused Assets to reduce memory usage. Loaded Objects now: 5392.
Total: 5.159100 ms (FindLiveObjects: 0.508800 ms CreateObjectMapping: 0.340600 ms MarkObjects: 4.266100 ms  DeleteObjects: 0.041800 ms)

========================================================================
Received Import Request.
  Time since last request: 2623.374844 seconds.
  path: Assets/Scripts/Game/Menus/ItemMenuController.cs
  artifactKey: Guid(6540a140b2b416541ae7316f1c42ea36) Importer(815301076,1909f56bfc062723c751e8b465ee728b)
Start importing Assets/Scripts/Game/Menus/ItemMenuController.cs using Guid(6540a140b2b416541ae7316f1c42ea36) Importer(815301076,1909f56bfc062723c751e8b465ee728b)  -> (artifact id: '2b51c8edcb1d342bd187c789adf2bbf5') in 0.021391 seconds 
========================================================================
Received Prepare
Registering precompiled user dll's ...
Registered in 0.004719 seconds.
Begin MonoManager ReloadAssembly
Native extension for WindowsStandalone target not found
Refreshing native plugins compatible for Editor in 4.16 ms, found 4 plugins.
Preloading 0 native plugins for Editor in 0.00 ms.
Mono: successfully reloaded assembly
- Completed reload, in  2.216 seconds
Platform modules already initialized, skipping
Shader 'Universal Render Pipeline/Particles/Lit': fallback shader 'Universal Render Pipeline/Particles/SimpleLit' not found
Refreshing native plugins compatible for Editor in 1.54 ms, found 4 plugins.
Preloading 0 native plugins for Editor in 0.00 ms.
Unloading 4527 Unused Serialized files (Serialized files now loaded: 0)
System memory in use before: 197.3 MB.
System memory in use after: 197.5 MB.

Unloading 38 unused Assets to reduce memory usage. Loaded Objects now: 5395.
Total: 11.046500 ms (FindLiveObjects: 0.971000 ms CreateObjectMapping: 1.294000 ms MarkObjects: 8.711000 ms  DeleteObjects: 0.068100 ms)

========================================================================
Received Import Request.
  Time since last request: 199.328867 seconds.
  path: Assets/Scripts/Game/Menus/ItemMenuController.cs
  artifactKey: Guid(6540a140b2b416541ae7316f1c42ea36) Importer(815301076,1909f56bfc062723c751e8b465ee728b)
Start importing Assets/Scripts/Game/Menus/ItemMenuController.cs using Guid(6540a140b2b416541ae7316f1c42ea36) Importer(815301076,1909f56bfc062723c751e8b465ee728b)  -> (artifact id: 'b62193a06ae283a5f81f9b670b6cb6b5') in 0.020839 seconds 
========================================================================
Received Prepare
Registering precompiled user dll's ...
Registered in 0.005320 seconds.
Begin MonoManager ReloadAssembly
Native extension for WindowsStandalone target not found
Refreshing native plugins compatible for Editor in 1.44 ms, found 4 plugins.
Preloading 0 native plugins for Editor in 0.00 ms.
Mono: successfully reloaded assembly
- Completed reload, in  1.650 seconds
Platform modules already initialized, skipping
Shader 'Universal Render Pipeline/Particles/Lit': fallback shader 'Universal Render Pipeline/Particles/SimpleLit' not found
Refreshing native plugins compatible for Editor in 1.46 ms, found 4 plugins.
Preloading 0 native plugins for Editor in 0.00 ms.
Unloading 4527 Unused Serialized files (Serialized files now loaded: 0)
System memory in use before: 197.3 MB.
System memory in use after: 197.5 MB.

Unloading 38 unused Assets to reduce memory usage. Loaded Objects now: 5398.
Total: 7.921700 ms (FindLiveObjects: 0.876600 ms CreateObjectMapping: 0.753500 ms MarkObjects: 6.226500 ms  DeleteObjects: 0.063300 ms)

========================================================================
Received Prepare
Registering precompiled user dll's ...
Registered in 0.007666 seconds.
Begin MonoManager ReloadAssembly
Native extension for WindowsStandalone target not found
Refreshing native plugins compatible for Editor in 1.27 ms, found 4 plugins.
Preloading 0 native plugins for Editor in 0.00 ms.
Mono: successfully reloaded assembly
- Completed reload, in  1.681 seconds
Platform modules already initialized, skipping
Shader 'Universal Render Pipeline/Particles/Lit': fallback shader 'Universal Render Pipeline/Particles/SimpleLit' not found
Refreshing native plugins compatible for Editor in 1.28 ms, found 4 plugins.
Preloading 0 native plugins for Editor in 0.00 ms.
Unloading 4527 Unused Serialized files (Serialized files now loaded: 0)
System memory in use before: 197.3 MB.
System memory in use after: 197.5 MB.

Unloading 38 unused Assets to reduce memory usage. Loaded Objects now: 5401.
Total: 4.599200 ms (FindLiveObjects: 0.495800 ms CreateObjectMapping: 0.387800 ms MarkObjects: 3.681500 ms  DeleteObjects: 0.033100 ms)

========================================================================
Received Prepare
Registering precompiled user dll's ...
Registered in 0.007800 seconds.
Begin MonoManager ReloadAssembly
Native extension for WindowsStandalone target not found
Refreshing native plugins compatible for Editor in 1.29 ms, found 4 plugins.
Preloading 0 native plugins for Editor in 0.00 ms.
Mono: successfully reloaded assembly
- Completed reload, in  1.459 seconds
Platform modules already initialized, skipping
Shader 'Universal Render Pipeline/Particles/Lit': fallback shader 'Universal Render Pipeline/Particles/SimpleLit' not found
Refreshing native plugins compatible for Editor in 1.28 ms, found 4 plugins.
Preloading 0 native plugins for Editor in 0.00 ms.
Unloading 4527 Unused Serialized files (Serialized files now loaded: 0)
System memory in use before: 197.3 MB.
System memory in use after: 197.6 MB.

Unloading 38 unused Assets to reduce memory usage. Loaded Objects now: 5404.
Total: 6.299600 ms (FindLiveObjects: 0.787900 ms CreateObjectMapping: 0.489200 ms MarkObjects: 4.981500 ms  DeleteObjects: 0.039100 ms)

========================================================================
Received Import Request.
  Time since last request: 4727.536196 seconds.
  path: Assets/Scripts/Game/Menus/Controller.cs
  artifactKey: Guid(653a1715bade63643856fd8302d7609a) Importer(815301076,1909f56bfc062723c751e8b465ee728b)
Start importing Assets/Scripts/Game/Menus/Controller.cs using Guid(653a1715bade63643856fd8302d7609a) Importer(815301076,1909f56bfc062723c751e8b465ee728b)  -> (artifact id: '3a8f51f448afff8278dd439eb7e9a266') in 0.013479 seconds 
========================================================================
Received Import Request.
  Time since last request: 0.611451 seconds.
  path: Assets/Scripts/Game/Menus/ButtonID.cs
  artifactKey: Guid(7f73f5826deea894f90eae5c8de0f98e) Importer(815301076,1909f56bfc062723c751e8b465ee728b)
Start importing Assets/Scripts/Game/Menus/ButtonID.cs using Guid(7f73f5826deea894f90eae5c8de0f98e) Importer(815301076,1909f56bfc062723c751e8b465ee728b)  -> (artifact id: '5ee8760434a12444578043b0a39eecc3') in 0.027515 seconds 
========================================================================
Received Prepare
Registering precompiled user dll's ...
Registered in 0.006159 seconds.
Begin MonoManager ReloadAssembly
Native extension for WindowsStandalone target not found
Refreshing native plugins compatible for Editor in 1.29 ms, found 4 plugins.
Preloading 0 native plugins for Editor in 0.00 ms.
Mono: successfully reloaded assembly
- Completed reload, in  1.837 seconds
Platform modules already initialized, skipping
Shader 'Universal Render Pipeline/Particles/Lit': fallback shader 'Universal Render Pipeline/Particles/SimpleLit' not found
Refreshing native plugins compatible for Editor in 1.43 ms, found 4 plugins.
Preloading 0 native plugins for Editor in 0.00 ms.
Unloading 4527 Unused Serialized files (Serialized files now loaded: 0)
System memory in use before: 197.3 MB.
System memory in use after: 197.6 MB.

Unloading 38 unused Assets to reduce memory usage. Loaded Objects now: 5407.
Total: 5.234500 ms (FindLiveObjects: 0.664100 ms CreateObjectMapping: 0.386900 ms MarkObjects: 4.135900 ms  DeleteObjects: 0.046000 ms)

========================================================================
Received Prepare
Registering precompiled user dll's ...
Registered in 0.008791 seconds.
Begin MonoManager ReloadAssembly
Native extension for WindowsStandalone target not found
Refreshing native plugins compatible for Editor in 1.33 ms, found 4 plugins.
Preloading 0 native plugins for Editor in 0.00 ms.
Mono: successfully reloaded assembly
- Completed reload, in  1.460 seconds
Platform modules already initialized, skipping
Shader 'Universal Render Pipeline/Particles/Lit': fallback shader 'Universal Render Pipeline/Particles/SimpleLit' not found
Refreshing native plugins compatible for Editor in 1.47 ms, found 4 plugins.
Preloading 0 native plugins for Editor in 0.00 ms.
Unloading 4527 Unused Serialized files (Serialized files now loaded: 0)
System memory in use before: 197.3 MB.
System memory in use after: 197.6 MB.

Unloading 38 unused Assets to reduce memory usage. Loaded Objects now: 5410.
Total: 4.779800 ms (FindLiveObjects: 0.435900 ms CreateObjectMapping: 0.286800 ms MarkObjects: 4.024500 ms  DeleteObjects: 0.031000 ms)

========================================================================
Received Prepare
Registering precompiled user dll's ...
Registered in 0.005906 seconds.
Begin MonoManager ReloadAssembly
Native extension for WindowsStandalone target not found
Refreshing native plugins compatible for Editor in 1.66 ms, found 4 plugins.
Preloading 0 native plugins for Editor in 0.00 ms.
Mono: successfully reloaded assembly
- Completed reload, in  1.809 seconds
Platform modules already initialized, skipping
Shader 'Universal Render Pipeline/Particles/Lit': fallback shader 'Universal Render Pipeline/Particles/SimpleLit' not found
Refreshing native plugins compatible for Editor in 1.25 ms, found 4 plugins.
Preloading 0 native plugins for Editor in 0.00 ms.
Unloading 4527 Unused Serialized files (Serialized files now loaded: 0)
System memory in use before: 197.3 MB.
System memory in use after: 197.6 MB.

Unloading 38 unused Assets to reduce memory usage. Loaded Objects now: 5413.
Total: 5.488000 ms (FindLiveObjects: 0.647700 ms CreateObjectMapping: 0.491100 ms MarkObjects: 4.314800 ms  DeleteObjects: 0.033000 ms)

========================================================================
Received Prepare
Registering precompiled user dll's ...
Registered in 0.006482 seconds.
Begin MonoManager ReloadAssembly
Native extension for WindowsStandalone target not found
Refreshing native plugins compatible for Editor in 1.25 ms, found 4 plugins.
Preloading 0 native plugins for Editor in 0.00 ms.
Mono: successfully reloaded assembly
- Completed reload, in  1.463 seconds
Platform modules already initialized, skipping
Shader 'Universal Render Pipeline/Particles/Lit': fallback shader 'Universal Render Pipeline/Particles/SimpleLit' not found
Refreshing native plugins compatible for Editor in 1.40 ms, found 4 plugins.
Preloading 0 native plugins for Editor in 0.00 ms.
Unloading 4527 Unused Serialized files (Serialized files now loaded: 0)
System memory in use before: 197.3 MB.
System memory in use after: 197.6 MB.

Unloading 38 unused Assets to reduce memory usage. Loaded Objects now: 5416.
Total: 6.075400 ms (FindLiveObjects: 0.702000 ms CreateObjectMapping: 0.459700 ms MarkObjects: 4.868800 ms  DeleteObjects: 0.043400 ms)

========================================================================
Received Prepare
Registering precompiled user dll's ...
Registered in 0.004404 seconds.
Begin MonoManager ReloadAssembly
Native extension for WindowsStandalone target not found
Refreshing native plugins compatible for Editor in 1.36 ms, found 4 plugins.
Preloading 0 native plugins for Editor in 0.00 ms.
Mono: successfully reloaded assembly
- Completed reload, in  1.542 seconds
Platform modules already initialized, skipping
Shader 'Universal Render Pipeline/Particles/Lit': fallback shader 'Universal Render Pipeline/Particles/SimpleLit' not found
Refreshing native plugins compatible for Editor in 1.46 ms, found 4 plugins.
Preloading 0 native plugins for Editor in 0.00 ms.
Unloading 4527 Unused Serialized files (Serialized files now loaded: 0)
System memory in use before: 197.4 MB.
System memory in use after: 197.6 MB.

Unloading 38 unused Assets to reduce memory usage. Loaded Objects now: 5419.
Total: 8.422800 ms (FindLiveObjects: 2.110400 ms CreateObjectMapping: 1.165400 ms MarkObjects: 5.107400 ms  DeleteObjects: 0.038100 ms)

========================================================================
Received Prepare
Registering precompiled user dll's ...
Registered in 0.006149 seconds.
Begin MonoManager ReloadAssembly
Native extension for WindowsStandalone target not found
Refreshing native plugins compatible for Editor in 1.38 ms, found 4 plugins.
Preloading 0 native plugins for Editor in 0.00 ms.
Mono: successfully reloaded assembly
- Completed reload, in  1.982 seconds
Platform modules already initialized, skipping
Shader 'Universal Render Pipeline/Particles/Lit': fallback shader 'Universal Render Pipeline/Particles/SimpleLit' not found
Refreshing native plugins compatible for Editor in 3.24 ms, found 4 plugins.
Preloading 0 native plugins for Editor in 0.00 ms.
Unloading 4527 Unused Serialized files (Serialized files now loaded: 0)
System memory in use before: 197.4 MB.
System memory in use after: 197.6 MB.

Unloading 38 unused Assets to reduce memory usage. Loaded Objects now: 5422.
Total: 6.347300 ms (FindLiveObjects: 1.492800 ms CreateObjectMapping: 0.557800 ms MarkObjects: 4.257100 ms  DeleteObjects: 0.038000 ms)

========================================================================
Received Prepare
Registering precompiled user dll's ...
Registered in 0.004478 seconds.
Begin MonoManager ReloadAssembly
Native extension for WindowsStandalone target not found
Refreshing native plugins compatible for Editor in 1.87 ms, found 4 plugins.
Preloading 0 native plugins for Editor in 0.00 ms.
Mono: successfully reloaded assembly
- Completed reload, in  2.072 seconds
Platform modules already initialized, skipping
Shader 'Universal Render Pipeline/Particles/Lit': fallback shader 'Universal Render Pipeline/Particles/SimpleLit' not found
Refreshing native plugins compatible for Editor in 2.21 ms, found 4 plugins.
Preloading 0 native plugins for Editor in 0.00 ms.
Unloading 4527 Unused Serialized files (Serialized files now loaded: 0)
System memory in use before: 197.4 MB.
System memory in use after: 197.6 MB.

Unloading 38 unused Assets to reduce memory usage. Loaded Objects now: 5425.
Total: 9.050200 ms (FindLiveObjects: 1.138400 ms CreateObjectMapping: 1.265900 ms MarkObjects: 6.606200 ms  DeleteObjects: 0.038500 ms)

========================================================================
Received Prepare
Registering precompiled user dll's ...
Registered in 0.006725 seconds.
Begin MonoManager ReloadAssembly
Native extension for WindowsStandalone target not found
Refreshing native plugins compatible for Editor in 3.23 ms, found 4 plugins.
Preloading 0 native plugins for Editor in 0.00 ms.
Mono: successfully reloaded assembly
- Completed reload, in  2.804 seconds
Platform modules already initialized, skipping
Shader 'Universal Render Pipeline/Particles/Lit': fallback shader 'Universal Render Pipeline/Particles/SimpleLit' not found
Refreshing native plugins compatible for Editor in 3.31 ms, found 4 plugins.
Preloading 0 native plugins for Editor in 0.00 ms.
Unloading 4527 Unused Serialized files (Serialized files now loaded: 0)
System memory in use before: 197.4 MB.
System memory in use after: 197.6 MB.

Unloading 38 unused Assets to reduce memory usage. Loaded Objects now: 5428.
Total: 9.009500 ms (FindLiveObjects: 1.152000 ms CreateObjectMapping: 0.774700 ms MarkObjects: 7.032200 ms  DeleteObjects: 0.048400 ms)

========================================================================
Received Prepare
Registering precompiled user dll's ...
Registered in 0.004382 seconds.
Begin MonoManager ReloadAssembly
Native extension for WindowsStandalone target not found
Refreshing native plugins compatible for Editor in 1.40 ms, found 4 plugins.
Preloading 0 native plugins for Editor in 0.00 ms.
Mono: successfully reloaded assembly
- Completed reload, in  1.594 seconds
Platform modules already initialized, skipping
Shader 'Universal Render Pipeline/Particles/Lit': fallback shader 'Universal Render Pipeline/Particles/SimpleLit' not found
Refreshing native plugins compatible for Editor in 2.39 ms, found 4 plugins.
Preloading 0 native plugins for Editor in 0.00 ms.
Unloading 4527 Unused Serialized files (Serialized files now loaded: 0)
System memory in use before: 197.4 MB.
System memory in use after: 197.7 MB.

Unloading 38 unused Assets to reduce memory usage. Loaded Objects now: 5431.
Total: 5.668400 ms (FindLiveObjects: 0.793000 ms CreateObjectMapping: 0.694100 ms MarkObjects: 4.144500 ms  DeleteObjects: 0.035400 ms)

========================================================================
Received Prepare
Registering precompiled user dll's ...
Registered in 0.004616 seconds.
Begin MonoManager ReloadAssembly
Native extension for WindowsStandalone target not found
Refreshing native plugins compatible for Editor in 1.40 ms, found 4 plugins.
Preloading 0 native plugins for Editor in 0.00 ms.
Mono: successfully reloaded assembly
- Completed reload, in  1.549 seconds
Platform modules already initialized, skipping
Shader 'Universal Render Pipeline/Particles/Lit': fallback shader 'Universal Render Pipeline/Particles/SimpleLit' not found
Refreshing native plugins compatible for Editor in 2.04 ms, found 4 plugins.
Preloading 0 native plugins for Editor in 0.00 ms.
Unloading 4527 Unused Serialized files (Serialized files now loaded: 0)
System memory in use before: 197.4 MB.
System memory in use after: 197.7 MB.

Unloading 38 unused Assets to reduce memory usage. Loaded Objects now: 5434.
Total: 6.793300 ms (FindLiveObjects: 0.574100 ms CreateObjectMapping: 0.387600 ms MarkObjects: 5.786600 ms  DeleteObjects: 0.043400 ms)

========================================================================
Received Prepare
Registering precompiled user dll's ...
Registered in 0.004858 seconds.
Begin MonoManager ReloadAssembly
Native extension for WindowsStandalone target not found
Refreshing native plugins compatible for Editor in 1.38 ms, found 4 plugins.
Preloading 0 native plugins for Editor in 0.00 ms.
Mono: successfully reloaded assembly
- Completed reload, in  1.669 seconds
Platform modules already initialized, skipping
Shader 'Universal Render Pipeline/Particles/Lit': fallback shader 'Universal Render Pipeline/Particles/SimpleLit' not found
Refreshing native plugins compatible for Editor in 1.47 ms, found 4 plugins.
Preloading 0 native plugins for Editor in 0.00 ms.
Unloading 4527 Unused Serialized files (Serialized files now loaded: 0)
System memory in use before: 197.4 MB.
System memory in use after: 197.7 MB.

Unloading 38 unused Assets to reduce memory usage. Loaded Objects now: 5437.
Total: 5.430300 ms (FindLiveObjects: 0.719400 ms CreateObjectMapping: 0.486300 ms MarkObjects: 4.188800 ms  DeleteObjects: 0.033800 ms)

========================================================================
Received Import Request.
  Time since last request: 2302.339849 seconds.
  path: Assets/Animations/Player/Player.controller
  artifactKey: Guid(7170d2a4677084344892bf2d6f93f5ad) Importer(815301076,1909f56bfc062723c751e8b465ee728b)
Start importing Assets/Animations/Player/Player.controller using Guid(7170d2a4677084344892bf2d6f93f5ad) Importer(815301076,1909f56bfc062723c751e8b465ee728b)  -> (artifact id: '6f7670171a99f16983f58237f0973eca') in 0.405081 seconds 
========================================================================
Received Prepare
Registering precompiled user dll's ...
Registered in 0.005644 seconds.
Begin MonoManager ReloadAssembly
Native extension for WindowsStandalone target not found
Refreshing native plugins compatible for Editor in 4.97 ms, found 4 plugins.
Preloading 0 native plugins for Editor in 0.00 ms.
Mono: successfully reloaded assembly
- Completed reload, in  3.261 seconds
Platform modules already initialized, skipping
Shader 'Universal Render Pipeline/Particles/Lit': fallback shader 'Universal Render Pipeline/Particles/SimpleLit' not found
Refreshing native plugins compatible for Editor in 4.60 ms, found 4 plugins.
Preloading 0 native plugins for Editor in 0.00 ms.
Unloading 4527 Unused Serialized files (Serialized files now loaded: 0)
System memory in use before: 197.5 MB.
System memory in use after: 197.7 MB.

Unloading 38 unused Assets to reduce memory usage. Loaded Objects now: 5440.
Total: 11.392700 ms (FindLiveObjects: 1.426800 ms CreateObjectMapping: 0.810200 ms MarkObjects: 9.082800 ms  DeleteObjects: 0.070300 ms)

========================================================================
Received Prepare
Registering precompiled user dll's ...
Registered in 0.009668 seconds.
Begin MonoManager ReloadAssembly
Native extension for WindowsStandalone target not found
Refreshing native plugins compatible for Editor in 3.94 ms, found 4 plugins.
Preloading 0 native plugins for Editor in 0.00 ms.
Mono: successfully reloaded assembly
- Completed reload, in  2.128 seconds
Platform modules already initialized, skipping
Shader 'Universal Render Pipeline/Particles/Lit': fallback shader 'Universal Render Pipeline/Particles/SimpleLit' not found
Refreshing native plugins compatible for Editor in 2.31 ms, found 4 plugins.
Preloading 0 native plugins for Editor in 0.00 ms.
Unloading 4527 Unused Serialized files (Serialized files now loaded: 0)
System memory in use before: 197.5 MB.
System memory in use after: 197.7 MB.

Unloading 38 unused Assets to reduce memory usage. Loaded Objects now: 5443.
Total: 8.796000 ms (FindLiveObjects: 0.946700 ms CreateObjectMapping: 0.682800 ms MarkObjects: 7.013300 ms  DeleteObjects: 0.151300 ms)

========================================================================
Received Prepare
Registering precompiled user dll's ...
Registered in 0.004792 seconds.
Begin MonoManager ReloadAssembly
Native extension for WindowsStandalone target not found
Refreshing native plugins compatible for Editor in 1.67 ms, found 4 plugins.
Preloading 0 native plugins for Editor in 0.00 ms.
Mono: successfully reloaded assembly
- Completed reload, in  1.547 seconds
Platform modules already initialized, skipping
Shader 'Universal Render Pipeline/Particles/Lit': fallback shader 'Universal Render Pipeline/Particles/SimpleLit' not found
Refreshing native plugins compatible for Editor in 1.28 ms, found 4 plugins.
Preloading 0 native plugins for Editor in 0.00 ms.
Unloading 4527 Unused Serialized files (Serialized files now loaded: 0)
System memory in use before: 197.5 MB.
System memory in use after: 197.8 MB.

Unloading 38 unused Assets to reduce memory usage. Loaded Objects now: 5446.
Total: 9.874600 ms (FindLiveObjects: 0.831000 ms CreateObjectMapping: 0.510200 ms MarkObjects: 8.499400 ms  DeleteObjects: 0.032600 ms)

========================================================================
Received Prepare
Registering precompiled user dll's ...
Registered in 0.004985 seconds.
Begin MonoManager ReloadAssembly
Native extension for WindowsStandalone target not found
Refreshing native plugins compatible for Editor in 1.31 ms, found 4 plugins.
Preloading 0 native plugins for Editor in 0.00 ms.
Mono: successfully reloaded assembly
- Completed reload, in  1.466 seconds
Platform modules already initialized, skipping
Shader 'Universal Render Pipeline/Particles/Lit': fallback shader 'Universal Render Pipeline/Particles/SimpleLit' not found
Refreshing native plugins compatible for Editor in 1.32 ms, found 4 plugins.
Preloading 0 native plugins for Editor in 0.00 ms.
Unloading 4527 Unused Serialized files (Serialized files now loaded: 0)
System memory in use before: 197.5 MB.
System memory in use after: 197.8 MB.

Unloading 38 unused Assets to reduce memory usage. Loaded Objects now: 5449.
Total: 5.942100 ms (FindLiveObjects: 0.644500 ms CreateObjectMapping: 0.457300 ms MarkObjects: 4.805100 ms  DeleteObjects: 0.033800 ms)

========================================================================
Received Prepare
Registering precompiled user dll's ...
Registered in 0.014280 seconds.
Begin MonoManager ReloadAssembly
Native extension for WindowsStandalone target not found
Refreshing native plugins compatible for Editor in 1.25 ms, found 4 plugins.
Preloading 0 native plugins for Editor in 0.00 ms.
Mono: successfully reloaded assembly
- Completed reload, in  2.313 seconds
Platform modules already initialized, skipping
Shader 'Universal Render Pipeline/Particles/Lit': fallback shader 'Universal Render Pipeline/Particles/SimpleLit' not found
Refreshing native plugins compatible for Editor in 1.56 ms, found 4 plugins.
Preloading 0 native plugins for Editor in 0.00 ms.
Unloading 4527 Unused Serialized files (Serialized files now loaded: 0)
System memory in use before: 197.5 MB.
System memory in use after: 197.8 MB.

Unloading 38 unused Assets to reduce memory usage. Loaded Objects now: 5452.
Total: 13.223800 ms (FindLiveObjects: 5.175300 ms CreateObjectMapping: 2.106700 ms MarkObjects: 5.898400 ms  DeleteObjects: 0.042000 ms)

========================================================================
Received Prepare
Registering precompiled user dll's ...
Registered in 0.010120 seconds.
Begin MonoManager ReloadAssembly
Native extension for WindowsStandalone target not found
Refreshing native plugins compatible for Editor in 2.93 ms, found 4 plugins.
Preloading 0 native plugins for Editor in 0.00 ms.
Mono: successfully reloaded assembly
- Completed reload, in  5.387 seconds
Platform modules already initialized, skipping
Shader 'Universal Render Pipeline/Particles/Lit': fallback shader 'Universal Render Pipeline/Particles/SimpleLit' not found
Refreshing native plugins compatible for Editor in 6.62 ms, found 4 plugins.
Preloading 0 native plugins for Editor in 0.00 ms.
Unloading 4527 Unused Serialized files (Serialized files now loaded: 0)
System memory in use before: 197.5 MB.
System memory in use after: 197.8 MB.

Unloading 38 unused Assets to reduce memory usage. Loaded Objects now: 5455.
Total: 15.414400 ms (FindLiveObjects: 5.917400 ms CreateObjectMapping: 0.950900 ms MarkObjects: 8.466500 ms  DeleteObjects: 0.065300 ms)

========================================================================
Received Prepare
Registering precompiled user dll's ...
Registered in 0.007293 seconds.
Begin MonoManager ReloadAssembly
Native extension for WindowsStandalone target not found
Refreshing native plugins compatible for Editor in 2.20 ms, found 4 plugins.
Preloading 0 native plugins for Editor in 0.00 ms.
Mono: successfully reloaded assembly
- Completed reload, in  4.481 seconds
Platform modules already initialized, skipping
Shader 'Universal Render Pipeline/Particles/Lit': fallback shader 'Universal Render Pipeline/Particles/SimpleLit' not found
Refreshing native plugins compatible for Editor in 3.23 ms, found 4 plugins.
Preloading 0 native plugins for Editor in 0.00 ms.
Unloading 4527 Unused Serialized files (Serialized files now loaded: 0)
System memory in use before: 197.5 MB.
System memory in use after: 197.8 MB.

Unloading 38 unused Assets to reduce memory usage. Loaded Objects now: 5458.
Total: 18.346400 ms (FindLiveObjects: 4.584500 ms CreateObjectMapping: 1.052900 ms MarkObjects: 12.613700 ms  DeleteObjects: 0.093000 ms)

========================================================================
Received Prepare
Registering precompiled user dll's ...
Registered in 0.011041 seconds.
Begin MonoManager ReloadAssembly
Native extension for WindowsStandalone target not found
Refreshing native plugins compatible for Editor in 1.31 ms, found 4 plugins.
Preloading 0 native plugins for Editor in 0.00 ms.
Mono: successfully reloaded assembly
- Completed reload, in  2.116 seconds
Platform modules already initialized, skipping
Shader 'Universal Render Pipeline/Particles/Lit': fallback shader 'Universal Render Pipeline/Particles/SimpleLit' not found
Refreshing native plugins compatible for Editor in 2.03 ms, found 4 plugins.
Preloading 0 native plugins for Editor in 0.00 ms.
Unloading 4527 Unused Serialized files (Serialized files now loaded: 0)
System memory in use before: 197.6 MB.
System memory in use after: 198.0 MB.

Unloading 38 unused Assets to reduce memory usage. Loaded Objects now: 5461.
Total: 8.707800 ms (FindLiveObjects: 1.024700 ms CreateObjectMapping: 0.615900 ms MarkObjects: 7.016300 ms  DeleteObjects: 0.048700 ms)

========================================================================
Received Prepare
Registering precompiled user dll's ...
Registered in 0.005677 seconds.
Begin MonoManager ReloadAssembly
Native extension for WindowsStandalone target not found
Refreshing native plugins compatible for Editor in 1.25 ms, found 4 plugins.
Preloading 0 native plugins for Editor in 0.00 ms.
Mono: successfully reloaded assembly
- Completed reload, in  1.652 seconds
Platform modules already initialized, skipping
Shader 'Universal Render Pipeline/Particles/Lit': fallback shader 'Universal Render Pipeline/Particles/SimpleLit' not found
Refreshing native plugins compatible for Editor in 1.77 ms, found 4 plugins.
Preloading 0 native plugins for Editor in 0.00 ms.
Unloading 4527 Unused Serialized files (Serialized files now loaded: 0)
System memory in use before: 197.6 MB.
System memory in use after: 198.0 MB.

Unloading 38 unused Assets to reduce memory usage. Loaded Objects now: 5464.
Total: 13.997700 ms (FindLiveObjects: 2.718200 ms CreateObjectMapping: 1.427600 ms MarkObjects: 9.808800 ms  DeleteObjects: 0.040600 ms)

========================================================================
Received Prepare
Registering precompiled user dll's ...
Registered in 0.008170 seconds.
Begin MonoManager ReloadAssembly
Native extension for WindowsStandalone target not found
Refreshing native plugins compatible for Editor in 1.40 ms, found 4 plugins.
Preloading 0 native plugins for Editor in 0.00 ms.
Mono: successfully reloaded assembly
- Completed reload, in  2.834 seconds
Platform modules already initialized, skipping
Shader 'Universal Render Pipeline/Particles/Lit': fallback shader 'Universal Render Pipeline/Particles/SimpleLit' not found
Refreshing native plugins compatible for Editor in 4.10 ms, found 4 plugins.
Preloading 0 native plugins for Editor in 0.00 ms.
Unloading 4527 Unused Serialized files (Serialized files now loaded: 0)
System memory in use before: 197.6 MB.
System memory in use after: 198.0 MB.

Unloading 38 unused Assets to reduce memory usage. Loaded Objects now: 5467.
Total: 12.910300 ms (FindLiveObjects: 1.488900 ms CreateObjectMapping: 1.719800 ms MarkObjects: 9.613000 ms  DeleteObjects: 0.085900 ms)

========================================================================
Received Prepare
Registering precompiled user dll's ...
Registered in 0.006323 seconds.
Begin MonoManager ReloadAssembly
Native extension for WindowsStandalone target not found
Refreshing native plugins compatible for Editor in 2.52 ms, found 4 plugins.
Preloading 0 native plugins for Editor in 0.00 ms.
Mono: successfully reloaded assembly
- Completed reload, in  1.740 seconds
Platform modules already initialized, skipping
Shader 'Universal Render Pipeline/Particles/Lit': fallback shader 'Universal Render Pipeline/Particles/SimpleLit' not found
Refreshing native plugins compatible for Editor in 3.19 ms, found 4 plugins.
Preloading 0 native plugins for Editor in 0.00 ms.
Unloading 4527 Unused Serialized files (Serialized files now loaded: 0)
System memory in use before: 197.6 MB.
System memory in use after: 198.0 MB.

Unloading 38 unused Assets to reduce memory usage. Loaded Objects now: 5470.
Total: 6.259500 ms (FindLiveObjects: 0.660300 ms CreateObjectMapping: 0.482000 ms MarkObjects: 5.070600 ms  DeleteObjects: 0.045600 ms)

========================================================================
Received Prepare
Registering precompiled user dll's ...
Registered in 0.012734 seconds.
Begin MonoManager ReloadAssembly
Native extension for WindowsStandalone target not found
Refreshing native plugins compatible for Editor in 3.45 ms, found 4 plugins.
Preloading 0 native plugins for Editor in 0.00 ms.
Mono: successfully reloaded assembly
- Completed reload, in  3.323 seconds
Platform modules already initialized, skipping
Shader 'Universal Render Pipeline/Particles/Lit': fallback shader 'Universal Render Pipeline/Particles/SimpleLit' not found
Refreshing native plugins compatible for Editor in 4.07 ms, found 4 plugins.
Preloading 0 native plugins for Editor in 0.00 ms.
Unloading 4527 Unused Serialized files (Serialized files now loaded: 0)
System memory in use before: 197.6 MB.
System memory in use after: 198.0 MB.

Unloading 38 unused Assets to reduce memory usage. Loaded Objects now: 5473.
Total: 11.978600 ms (FindLiveObjects: 0.789600 ms CreateObjectMapping: 0.891600 ms MarkObjects: 10.250000 ms  DeleteObjects: 0.045600 ms)

AssetImportWorkerClient::OnTransportError - code=2 error=End of file
