Using pre-set license
Built from '2021.1/staging' branch; Version is '2021.1.2f1 (e5d502d80fbb) revision 15062274'; Using compiler version '192528614'; Build Type 'Release'
OS: 'Windows 10 Pro; OS build 19042.1110; Version 2009; 64bit' Language: 'es' Physical Memory: 7984 MB
BatchMode: 1, IsHumanControllingUs: 0, StartBugReporterOnCrash: 0, Is64bit: 1, IsPro: 0

 COMMAND LINE ARGUMENTS:
C:\Program Files\Unity\Hub\Editor\2021.1.2f1\Editor\Unity.exe
-adb2
-batchMode
-noUpm
-name
AssetImportWorker2
-projectPath
C:/Users/Sebastian/Documents/UnityProjects/MetroidDXFinal
-logFile
Logs/AssetImportWorker2.log
-srvPort
49777
Successfully changed project path to: C:/Users/Sebastian/Documents/UnityProjects/MetroidDXFinal
C:/Users/Sebastian/Documents/UnityProjects/MetroidDXFinal
Using Asset Import Pipeline V2.
Refreshing native plugins compatible for Editor in 236.35 ms, found 4 plugins.
Preloading 0 native plugins for Editor in 0.00 ms.
Initialize engine version: 2021.1.2f1 (e5d502d80fbb)
[Subsystems] Discovering subsystems at path C:/Program Files/Unity/Hub/Editor/2021.1.2f1/Editor/Data/Resources/UnitySubsystems
[Subsystems] Discovering subsystems at path C:/Users/Sebastian/Documents/UnityProjects/MetroidDXFinal/Assets
GfxDevice: creating device client; threaded=0; jobified=0
Direct3D:
    Version:  Direct3D 11.0 [level 11.1]
    Renderer: Intel(R) HD Graphics 620 (ID=0x5916)
    Vendor:   Intel
    VRAM:     3992 MB
    Driver:   23.20.16.4973
Shader 'Universal Render Pipeline/Particles/Lit': fallback shader 'Universal Render Pipeline/Particles/SimpleLit' not found
Initialize mono
Mono path[0] = 'C:/Program Files/Unity/Hub/Editor/2021.1.2f1/Editor/Data/Managed'
Mono path[1] = 'C:/Program Files/Unity/Hub/Editor/2021.1.2f1/Editor/Data/MonoBleedingEdge/lib/mono/unityjit'
Mono config path = 'C:/Program Files/Unity/Hub/Editor/2021.1.2f1/Editor/Data/MonoBleedingEdge/etc'
Using monoOptions --debugger-agent=transport=dt_socket,embedding=1,server=y,suspend=n,address=127.0.0.1:56812
Begin MonoManager ReloadAssembly
Registering precompiled unity dll's ...
Register platform support module: C:/Program Files/Unity/Hub/Editor/2021.1.2f1/Editor/Data/PlaybackEngines/WindowsStandaloneSupport/UnityEditor.WindowsStandalone.Extensions.dll
Registered in 0.002133 seconds.
Native extension for WindowsStandalone target not found
Refreshing native plugins compatible for Editor in 366.03 ms, found 4 plugins.
Preloading 0 native plugins for Editor in 0.00 ms.
Mono: successfully reloaded assembly
- Completed reload, in  2.701 seconds
Platform modules already initialized, skipping
Registering precompiled user dll's ...
Registered in 0.004658 seconds.
Begin MonoManager ReloadAssembly
Native extension for WindowsStandalone target not found
Refreshing native plugins compatible for Editor in 152.98 ms, found 4 plugins.
Preloading 0 native plugins for Editor in 0.00 ms.
Mono: successfully reloaded assembly
- Completed reload, in  2.125 seconds
Platform modules already initialized, skipping
========================================================================
Worker process is ready to serve import requests
Shader 'Universal Render Pipeline/Particles/Lit': fallback shader 'Universal Render Pipeline/Particles/SimpleLit' not found
Launched and connected shader compiler UnityShaderCompiler.exe after 0.15 seconds
Refreshing native plugins compatible for Editor in 1.28 ms, found 4 plugins.
Preloading 0 native plugins for Editor in 0.00 ms.
Unloading 4706 Unused Serialized files (Serialized files now loaded: 0)
System memory in use before: 200.6 MB.
System memory in use after: 200.9 MB.

Unloading 49 unused Assets to reduce memory usage. Loaded Objects now: 5156.
Total: 5.361300 ms (FindLiveObjects: 0.509200 ms CreateObjectMapping: 0.399700 ms MarkObjects: 4.409900 ms  DeleteObjects: 0.039900 ms)

========================================================================
Received Import Request.
  path: Assets/Prefabs/Scenarios/Begin.prefab
  artifactKey: Guid(65e8e108deb43aa44aa4100e3e676c4a) Importer(815301076,1909f56bfc062723c751e8b465ee728b)
Start importing Assets/Prefabs/Scenarios/Begin.prefab using Guid(65e8e108deb43aa44aa4100e3e676c4a) Importer(815301076,1909f56bfc062723c751e8b465ee728b)  -> (artifact id: '6c6cab70b40792b04f8991e5ec1bd1f0') in 1.726817 seconds 
========================================================================
Received Import Request.
  Time since last request: 0.000853 seconds.
  path: Assets/Prefabs/Soldier.prefab
  artifactKey: Guid(ff0dfbd5da8619a49bc4f9b08a3622da) Importer(815301076,1909f56bfc062723c751e8b465ee728b)
Start importing Assets/Prefabs/Soldier.prefab using Guid(ff0dfbd5da8619a49bc4f9b08a3622da) Importer(815301076,1909f56bfc062723c751e8b465ee728b)  -> (artifact id: '8187baf8e930073617bd831d538c759e') in 1.237125 seconds 
========================================================================
Received Import Request.
  Time since last request: 261.271964 seconds.
  path: Assets/Prefabs/Enemies/Kraid.prefab
  artifactKey: Guid(2d11aef54d070ea4780a606a781abafb) Importer(815301076,1909f56bfc062723c751e8b465ee728b)
Start importing Assets/Prefabs/Enemies/Kraid.prefab using Guid(2d11aef54d070ea4780a606a781abafb) Importer(815301076,1909f56bfc062723c751e8b465ee728b)  -> (artifact id: '8c2f3306698f35b27ad6d806a9a39d6d') in 0.227377 seconds 
========================================================================
Received Import Request.
  Time since last request: 0.000284 seconds.
  path: Assets/Prefabs/Enemies/Ridley.prefab
  artifactKey: Guid(0ea68555ff5c37c4bb05399881842203) Importer(815301076,1909f56bfc062723c751e8b465ee728b)
Start importing Assets/Prefabs/Enemies/Ridley.prefab using Guid(0ea68555ff5c37c4bb05399881842203) Importer(815301076,1909f56bfc062723c751e8b465ee728b)  -> (artifact id: 'a14768e3c88edf07577e2b49a6c5d2bd') in 0.125202 seconds 
========================================================================
Received Prepare
Registering precompiled user dll's ...
Registered in 0.005449 seconds.
Begin MonoManager ReloadAssembly
Native extension for WindowsStandalone target not found
Refreshing native plugins compatible for Editor in 1.54 ms, found 4 plugins.
Preloading 0 native plugins for Editor in 0.00 ms.
Mono: successfully reloaded assembly
- Completed reload, in  1.617 seconds
Platform modules already initialized, skipping
Shader 'Universal Render Pipeline/Particles/Lit': fallback shader 'Universal Render Pipeline/Particles/SimpleLit' not found
Refreshing native plugins compatible for Editor in 1.35 ms, found 4 plugins.
Preloading 0 native plugins for Editor in 0.00 ms.
Unloading 4527 Unused Serialized files (Serialized files now loaded: 0)
System memory in use before: 195.0 MB.
System memory in use after: 195.2 MB.

Unloading 38 unused Assets to reduce memory usage. Loaded Objects now: 5206.
Total: 5.336900 ms (FindLiveObjects: 0.721500 ms CreateObjectMapping: 0.486600 ms MarkObjects: 4.093400 ms  DeleteObjects: 0.034100 ms)

========================================================================
Received Import Request.
  Time since last request: 1546.002574 seconds.
  path: Assets/Prefabs/Enemies/Ridley.prefab
  artifactKey: Guid(0ea68555ff5c37c4bb05399881842203) Importer(815301076,1909f56bfc062723c751e8b465ee728b)
Start importing Assets/Prefabs/Enemies/Ridley.prefab using Guid(0ea68555ff5c37c4bb05399881842203) Importer(815301076,1909f56bfc062723c751e8b465ee728b)  -> (artifact id: '9929b56c21b6a31662c4a372472a5991') in 0.349266 seconds 
========================================================================
Received Import Request.
  Time since last request: 106.879108 seconds.
  path: Assets/Prefabs/Enemies/Ridley.prefab
  artifactKey: Guid(0ea68555ff5c37c4bb05399881842203) Importer(815301076,1909f56bfc062723c751e8b465ee728b)
Start importing Assets/Prefabs/Enemies/Ridley.prefab using Guid(0ea68555ff5c37c4bb05399881842203) Importer(815301076,1909f56bfc062723c751e8b465ee728b)  -> (artifact id: 'c94c486cad40197a4deb60b79f5f0670') in 0.113691 seconds 
========================================================================
Received Import Request.
  Time since last request: 19.023570 seconds.
  path: Assets/Prefabs/Enemies/Ridley.prefab
  artifactKey: Guid(0ea68555ff5c37c4bb05399881842203) Importer(815301076,1909f56bfc062723c751e8b465ee728b)
Start importing Assets/Prefabs/Enemies/Ridley.prefab using Guid(0ea68555ff5c37c4bb05399881842203) Importer(815301076,1909f56bfc062723c751e8b465ee728b)  -> (artifact id: '308e87d9534731b0934117479a2297f0') in 0.083521 seconds 
========================================================================
Received Prepare
Registering precompiled user dll's ...
Registered in 0.007737 seconds.
Begin MonoManager ReloadAssembly
Native extension for WindowsStandalone target not found
Refreshing native plugins compatible for Editor in 1.32 ms, found 4 plugins.
Preloading 0 native plugins for Editor in 0.00 ms.
Mono: successfully reloaded assembly
- Completed reload, in  2.726 seconds
Platform modules already initialized, skipping
Shader 'Universal Render Pipeline/Particles/Lit': fallback shader 'Universal Render Pipeline/Particles/SimpleLit' not found
Refreshing native plugins compatible for Editor in 1.70 ms, found 4 plugins.
Preloading 0 native plugins for Editor in 0.00 ms.
Unloading 4527 Unused Serialized files (Serialized files now loaded: 0)
System memory in use before: 195.1 MB.
System memory in use after: 195.4 MB.

Unloading 38 unused Assets to reduce memory usage. Loaded Objects now: 5247.
Total: 5.575900 ms (FindLiveObjects: 0.571500 ms CreateObjectMapping: 0.505200 ms MarkObjects: 4.461800 ms  DeleteObjects: 0.035500 ms)

========================================================================
Received Prepare
Registering precompiled user dll's ...
Registered in 0.005951 seconds.
Begin MonoManager ReloadAssembly
Native extension for WindowsStandalone target not found
Refreshing native plugins compatible for Editor in 2.15 ms, found 4 plugins.
Preloading 0 native plugins for Editor in 0.00 ms.
Mono: successfully reloaded assembly
- Completed reload, in  3.994 seconds
Platform modules already initialized, skipping
Shader 'Universal Render Pipeline/Particles/Lit': fallback shader 'Universal Render Pipeline/Particles/SimpleLit' not found
Refreshing native plugins compatible for Editor in 2.08 ms, found 4 plugins.
Preloading 0 native plugins for Editor in 0.00 ms.
Unloading 4527 Unused Serialized files (Serialized files now loaded: 0)
System memory in use before: 195.2 MB.
System memory in use after: 195.4 MB.

Unloading 38 unused Assets to reduce memory usage. Loaded Objects now: 5250.
Total: 5.298100 ms (FindLiveObjects: 0.478400 ms CreateObjectMapping: 0.384400 ms MarkObjects: 4.402100 ms  DeleteObjects: 0.032200 ms)

========================================================================
Received Prepare
Registering precompiled user dll's ...
Registered in 0.009291 seconds.
Begin MonoManager ReloadAssembly
Native extension for WindowsStandalone target not found
Refreshing native plugins compatible for Editor in 1.84 ms, found 4 plugins.
Preloading 0 native plugins for Editor in 0.00 ms.
Mono: successfully reloaded assembly
- Completed reload, in  2.006 seconds
Platform modules already initialized, skipping
Shader 'Universal Render Pipeline/Particles/Lit': fallback shader 'Universal Render Pipeline/Particles/SimpleLit' not found
Refreshing native plugins compatible for Editor in 2.02 ms, found 4 plugins.
Preloading 0 native plugins for Editor in 0.00 ms.
Unloading 4527 Unused Serialized files (Serialized files now loaded: 0)
System memory in use before: 195.1 MB.
System memory in use after: 195.4 MB.

Unloading 38 unused Assets to reduce memory usage. Loaded Objects now: 5253.
Total: 4.600700 ms (FindLiveObjects: 0.506100 ms CreateObjectMapping: 0.310700 ms MarkObjects: 3.747400 ms  DeleteObjects: 0.035300 ms)

========================================================================
Received Import Request.
  Time since last request: 557.070070 seconds.
  path: Assets/Prefabs/Enemies/Ridley.prefab
  artifactKey: Guid(0ea68555ff5c37c4bb05399881842203) Importer(815301076,1909f56bfc062723c751e8b465ee728b)
Start importing Assets/Prefabs/Enemies/Ridley.prefab using Guid(0ea68555ff5c37c4bb05399881842203) Importer(815301076,1909f56bfc062723c751e8b465ee728b)  -> (artifact id: '2721e669b591faf7a9b2eacd41850914') in 0.302014 seconds 
========================================================================
Received Import Request.
  Time since last request: 19.200633 seconds.
  path: Assets/Prefabs/Enemies/Ridley.prefab
  artifactKey: Guid(0ea68555ff5c37c4bb05399881842203) Importer(815301076,1909f56bfc062723c751e8b465ee728b)
Start importing Assets/Prefabs/Enemies/Ridley.prefab using Guid(0ea68555ff5c37c4bb05399881842203) Importer(815301076,1909f56bfc062723c751e8b465ee728b)  -> (artifact id: 'e2c578f8ef0a94b3692ac8880295b315') in 0.076765 seconds 
========================================================================
Received Prepare
Registering precompiled user dll's ...
Registered in 0.004487 seconds.
Begin MonoManager ReloadAssembly
Native extension for WindowsStandalone target not found
Refreshing native plugins compatible for Editor in 1.29 ms, found 4 plugins.
Preloading 0 native plugins for Editor in 0.00 ms.
Mono: successfully reloaded assembly
- Completed reload, in  1.664 seconds
Platform modules already initialized, skipping
Shader 'Universal Render Pipeline/Particles/Lit': fallback shader 'Universal Render Pipeline/Particles/SimpleLit' not found
Refreshing native plugins compatible for Editor in 1.34 ms, found 4 plugins.
Preloading 0 native plugins for Editor in 0.00 ms.
Unloading 4527 Unused Serialized files (Serialized files now loaded: 0)
System memory in use before: 195.2 MB.
System memory in use after: 195.5 MB.

Unloading 38 unused Assets to reduce memory usage. Loaded Objects now: 5294.
Total: 4.892700 ms (FindLiveObjects: 0.568700 ms CreateObjectMapping: 0.390200 ms MarkObjects: 3.895500 ms  DeleteObjects: 0.036500 ms)

========================================================================
Received Import Request.
  Time since last request: 541.986287 seconds.
  path: Assets/Prefabs/Enemies/Ridley.prefab
  artifactKey: Guid(0ea68555ff5c37c4bb05399881842203) Importer(815301076,1909f56bfc062723c751e8b465ee728b)
Start importing Assets/Prefabs/Enemies/Ridley.prefab using Guid(0ea68555ff5c37c4bb05399881842203) Importer(815301076,1909f56bfc062723c751e8b465ee728b)  -> (artifact id: '9a9e7342b5ed0eb42399b0442eeeac3b') in 0.248166 seconds 
========================================================================
Received Import Request.
  Time since last request: 49.925514 seconds.
  path: Assets/Prefabs/Enemies/Ridley.prefab
  artifactKey: Guid(0ea68555ff5c37c4bb05399881842203) Importer(815301076,1909f56bfc062723c751e8b465ee728b)
Start importing Assets/Prefabs/Enemies/Ridley.prefab using Guid(0ea68555ff5c37c4bb05399881842203) Importer(815301076,1909f56bfc062723c751e8b465ee728b)  -> (artifact id: '4095764df27cbf47a31bf86289c76671') in 0.101389 seconds 
========================================================================
Received Prepare
Registering precompiled user dll's ...
Registered in 0.006908 seconds.
Begin MonoManager ReloadAssembly
Native extension for WindowsStandalone target not found
Refreshing native plugins compatible for Editor in 1.31 ms, found 4 plugins.
Preloading 0 native plugins for Editor in 0.00 ms.
Mono: successfully reloaded assembly
- Completed reload, in  1.420 seconds
Platform modules already initialized, skipping
Shader 'Universal Render Pipeline/Particles/Lit': fallback shader 'Universal Render Pipeline/Particles/SimpleLit' not found
Refreshing native plugins compatible for Editor in 1.33 ms, found 4 plugins.
Preloading 0 native plugins for Editor in 0.00 ms.
Unloading 4527 Unused Serialized files (Serialized files now loaded: 0)
System memory in use before: 195.3 MB.
System memory in use after: 195.6 MB.

Unloading 38 unused Assets to reduce memory usage. Loaded Objects now: 5335.
Total: 4.686300 ms (FindLiveObjects: 0.371800 ms CreateObjectMapping: 0.301500 ms MarkObjects: 3.975900 ms  DeleteObjects: 0.035800 ms)

========================================================================
Received Prepare
Registering precompiled user dll's ...
Registered in 0.004577 seconds.
Begin MonoManager ReloadAssembly
Native extension for WindowsStandalone target not found
Refreshing native plugins compatible for Editor in 2.27 ms, found 4 plugins.
Preloading 0 native plugins for Editor in 0.00 ms.
Mono: successfully reloaded assembly
- Completed reload, in  3.194 seconds
Platform modules already initialized, skipping
Shader 'Universal Render Pipeline/Particles/Lit': fallback shader 'Universal Render Pipeline/Particles/SimpleLit' not found
Refreshing native plugins compatible for Editor in 3.56 ms, found 4 plugins.
Preloading 0 native plugins for Editor in 0.00 ms.
Unloading 4527 Unused Serialized files (Serialized files now loaded: 0)
System memory in use before: 195.4 MB.
System memory in use after: 195.6 MB.

Unloading 38 unused Assets to reduce memory usage. Loaded Objects now: 5338.
Total: 10.301800 ms (FindLiveObjects: 0.696900 ms CreateObjectMapping: 0.679900 ms MarkObjects: 8.875700 ms  DeleteObjects: 0.047400 ms)

========================================================================
Received Prepare
Registering precompiled user dll's ...
Registered in 0.004476 seconds.
Begin MonoManager ReloadAssembly
Native extension for WindowsStandalone target not found
Refreshing native plugins compatible for Editor in 1.39 ms, found 4 plugins.
Preloading 0 native plugins for Editor in 0.00 ms.
Mono: successfully reloaded assembly
- Completed reload, in  1.442 seconds
Platform modules already initialized, skipping
Shader 'Universal Render Pipeline/Particles/Lit': fallback shader 'Universal Render Pipeline/Particles/SimpleLit' not found
Refreshing native plugins compatible for Editor in 1.36 ms, found 4 plugins.
Preloading 0 native plugins for Editor in 0.00 ms.
Unloading 4527 Unused Serialized files (Serialized files now loaded: 0)
System memory in use before: 195.3 MB.
System memory in use after: 195.6 MB.

Unloading 38 unused Assets to reduce memory usage. Loaded Objects now: 5341.
Total: 4.645000 ms (FindLiveObjects: 0.500000 ms CreateObjectMapping: 0.314200 ms MarkObjects: 3.796700 ms  DeleteObjects: 0.032500 ms)

========================================================================
Received Prepare
Registering precompiled user dll's ...
Registered in 0.005732 seconds.
Begin MonoManager ReloadAssembly
Native extension for WindowsStandalone target not found
Refreshing native plugins compatible for Editor in 1.55 ms, found 4 plugins.
Preloading 0 native plugins for Editor in 0.00 ms.
Mono: successfully reloaded assembly
- Completed reload, in  1.455 seconds
Platform modules already initialized, skipping
Shader 'Universal Render Pipeline/Particles/Lit': fallback shader 'Universal Render Pipeline/Particles/SimpleLit' not found
Refreshing native plugins compatible for Editor in 1.30 ms, found 4 plugins.
Preloading 0 native plugins for Editor in 0.00 ms.
Unloading 4527 Unused Serialized files (Serialized files now loaded: 0)
System memory in use before: 195.3 MB.
System memory in use after: 195.6 MB.

Unloading 38 unused Assets to reduce memory usage. Loaded Objects now: 5344.
Total: 4.942200 ms (FindLiveObjects: 0.447900 ms CreateObjectMapping: 0.386600 ms MarkObjects: 4.064300 ms  DeleteObjects: 0.036500 ms)

========================================================================
Received Prepare
Registering precompiled user dll's ...
Registered in 0.007168 seconds.
Begin MonoManager ReloadAssembly
Native extension for WindowsStandalone target not found
Refreshing native plugins compatible for Editor in 1.47 ms, found 4 plugins.
Preloading 0 native plugins for Editor in 0.00 ms.
Mono: successfully reloaded assembly
- Completed reload, in  1.612 seconds
Platform modules already initialized, skipping
Shader 'Universal Render Pipeline/Particles/Lit': fallback shader 'Universal Render Pipeline/Particles/SimpleLit' not found
Refreshing native plugins compatible for Editor in 3.14 ms, found 4 plugins.
Preloading 0 native plugins for Editor in 0.00 ms.
Unloading 4527 Unused Serialized files (Serialized files now loaded: 0)
System memory in use before: 195.3 MB.
System memory in use after: 195.6 MB.

Unloading 38 unused Assets to reduce memory usage. Loaded Objects now: 5347.
Total: 11.127800 ms (FindLiveObjects: 0.592200 ms CreateObjectMapping: 0.694500 ms MarkObjects: 9.764300 ms  DeleteObjects: 0.074000 ms)

========================================================================
Received Prepare
Registering precompiled user dll's ...
Registered in 0.005324 seconds.
Begin MonoManager ReloadAssembly
Native extension for WindowsStandalone target not found
Refreshing native plugins compatible for Editor in 1.80 ms, found 4 plugins.
Preloading 0 native plugins for Editor in 0.00 ms.
Mono: successfully reloaded assembly
- Completed reload, in  1.811 seconds
Platform modules already initialized, skipping
Shader 'Universal Render Pipeline/Particles/Lit': fallback shader 'Universal Render Pipeline/Particles/SimpleLit' not found
Refreshing native plugins compatible for Editor in 1.27 ms, found 4 plugins.
Preloading 0 native plugins for Editor in 0.00 ms.
Unloading 4527 Unused Serialized files (Serialized files now loaded: 0)
System memory in use before: 195.3 MB.
System memory in use after: 195.6 MB.

Unloading 38 unused Assets to reduce memory usage. Loaded Objects now: 5350.
Total: 4.646300 ms (FindLiveObjects: 0.369100 ms CreateObjectMapping: 0.273400 ms MarkObjects: 3.968700 ms  DeleteObjects: 0.033800 ms)

========================================================================
Received Prepare
Registering precompiled user dll's ...
Registered in 0.005566 seconds.
Begin MonoManager ReloadAssembly
Native extension for WindowsStandalone target not found
Refreshing native plugins compatible for Editor in 1.39 ms, found 4 plugins.
Preloading 0 native plugins for Editor in 0.00 ms.
Mono: successfully reloaded assembly
- Completed reload, in  1.586 seconds
Platform modules already initialized, skipping
Shader 'Universal Render Pipeline/Particles/Lit': fallback shader 'Universal Render Pipeline/Particles/SimpleLit' not found
Refreshing native plugins compatible for Editor in 1.56 ms, found 4 plugins.
Preloading 0 native plugins for Editor in 0.00 ms.
Unloading 4527 Unused Serialized files (Serialized files now loaded: 0)
System memory in use before: 195.3 MB.
System memory in use after: 195.6 MB.

Unloading 38 unused Assets to reduce memory usage. Loaded Objects now: 5353.
Total: 5.444800 ms (FindLiveObjects: 0.682700 ms CreateObjectMapping: 0.472200 ms MarkObjects: 4.244800 ms  DeleteObjects: 0.043500 ms)

AssetImportWorkerClient::OnTransportError - code=2 error=End of file
