
=== Tue Aug 20 21:52:06 2019

Packages were changed.
Update Mode: mergeDefaultDependencies

The following packages were updated:
  com.unity.analytics from version 3.2.2 to 3.3.2
  com.unity.collab-proxy from version 1.2.9 to 1.2.16
  com.unity.package-manager-ui from version 2.1.1 to 2.1.2
  com.unity.purchasing from version 2.0.1 to 2.0.6
  com.unity.textmeshpro from version 1.3.0 to 2.0.1
  com.unity.timeline from version 0.0.0-builtin to 1.0.0

=== Mon May  4 23:48:10 2020

Packages were changed.
Update Mode: updateDependencies

The following packages were added:
  com.unity.2d.sprite@1.0.0
  com.unity.2d.tilemap@1.0.0
  com.unity.ide.rider@1.1.4
  com.unity.ide.vscode@1.2.0
  com.unity.modules.androidjni@1.0.0
  com.unity.test-framework@1.1.13
  com.unity.ugui@1.0.0
The following packages were updated:
  com.unity.timeline from version 1.0.0 to 1.2.6
The following packages were removed:
  com.unity.package-manager-ui@2.1.2

=== Fri Jun 19 18:49:12 2020

Packages were changed.
Update Mode: updateDependencies

The following packages were updated:
  com.unity.ide.vscode from version 1.2.0 to 1.2.1
  com.unity.test-framework from version 1.1.13 to 1.1.14

=== Thu Jul 30 22:08:07 2020

Packages were changed.
Update Mode: updateDependencies

The following packages were added:
  com.unity.ide.visualstudio@2.0.2
The following packages were updated:
  com.unity.ide.rider from version 1.1.4 to 1.2.1
  com.unity.render-pipelines.universal from version 7.3.1 to 8.2.0
  com.unity.textmeshpro from version 2.0.1 to 3.0.0-preview.1

=== Wed Aug  5 15:05:44 2020

Packages were changed.
Update Mode: updateDependencies

The following packages were updated:
  com.unity.textmeshpro from version 3.0.0-preview.1 to 3.0.1

=== Thu Aug 13 00:23:00 2020

Packages were changed.
Update Mode: updateDependencies

The following packages were updated:
  com.unity.test-framework from version 1.1.14 to 1.1.16

=== Mon Oct  5 22:30:01 2020

Packages were changed.
Update Mode: updateDependencies

The following packages were updated:
  com.unity.2d.pixel-perfect from version 3.0.2 to 4.0.1
  com.unity.2d.spriteshape from version 4.1.3 to 5.0.1
  com.unity.ide.rider from version 1.2.1 to 2.0.7

=== Thu Oct 15 21:35:45 2020

Packages were changed.
Update Mode: updateDependencies

The following packages were updated:
  com.unity.2d.spriteshape from version 5.0.1 to 5.0.2
  com.unity.ide.vscode from version 1.2.1 to 1.2.2
  com.unity.render-pipelines.universal from version 8.2.0 to 10.0.0-preview.26

=== Wed Oct 28 20:57:02 2020

Packages were changed.
Update Mode: updateDependencies

The following packages were updated:
  com.unity.test-framework from version 1.1.16 to 1.1.18

=== Sat Nov  7 18:35:27 2020

Packages were changed.
Update Mode: updateDependencies

The following packages were updated:
  com.unity.render-pipelines.universal from version 10.0.0-preview.26 to 10.1.0

=== Mon Nov 16 20:26:23 2020

Packages were changed.
Update Mode: updateDependencies

The following packages were updated:
  com.unity.ide.vscode from version 1.2.2 to 1.2.3

=== Wed Dec  2 17:11:45 2020

Packages were changed.
Update Mode: updateDependencies

The following packages were updated:
  com.unity.2d.spriteshape from version 5.0.2 to 5.1.0
  com.unity.ide.visualstudio from version 2.0.3 to 2.0.5
  com.unity.render-pipelines.universal from version 10.1.0 to 10.2.0
  com.unity.test-framework from version 1.1.18 to 1.1.19

=== Sat Jan  9 16:55:27 2021

Packages were changed.
Update Mode: resetToDefaultDependencies

The following packages were added:
  com.unity.collab-proxy@1.3.9
  com.unity.ide.rider@2.0.7
  com.unity.ide.visualstudio@2.0.5
  com.unity.ide.vscode@1.2.3
  com.unity.modules.ai@1.0.0
  com.unity.modules.androidjni@1.0.0
  com.unity.modules.animation@1.0.0
  com.unity.modules.assetbundle@1.0.0
  com.unity.modules.audio@1.0.0
  com.unity.modules.cloth@1.0.0
  com.unity.modules.director@1.0.0
  com.unity.modules.imageconversion@1.0.0
  com.unity.modules.imgui@1.0.0
  com.unity.modules.jsonserialize@1.0.0
  com.unity.modules.particlesystem@1.0.0
  com.unity.modules.physics@1.0.0
  com.unity.modules.physics2d@1.0.0
  com.unity.modules.screencapture@1.0.0
  com.unity.modules.terrain@1.0.0
  com.unity.modules.terrainphysics@1.0.0
  com.unity.modules.tilemap@1.0.0
  com.unity.modules.ui@1.0.0
  com.unity.modules.uielements@1.0.0
  com.unity.modules.umbra@1.0.0
  com.unity.modules.unityanalytics@1.0.0
  com.unity.modules.unitywebrequest@1.0.0
  com.unity.modules.unitywebrequestassetbundle@1.0.0
  com.unity.modules.unitywebrequestaudio@1.0.0
  com.unity.modules.unitywebrequesttexture@1.0.0
  com.unity.modules.unitywebrequestwww@1.0.0
  com.unity.modules.vehicles@1.0.0
  com.unity.modules.video@1.0.0
  com.unity.modules.vr@1.0.0
  com.unity.modules.wind@1.0.0
  com.unity.modules.xr@1.0.0
  com.unity.test-framework@1.1.19
  com.unity.textmeshpro@3.0.1
  com.unity.timeline@1.4.4
  com.unity.ugui@1.0.0

=== Sat Jan  9 16:58:51 2021

Packages were changed.
Update Mode: updateDependencies

The following packages were added:
  com.unity.2d.sprite@1.0.0
  com.unity.2d.tilemap@1.0.0
  com.unity.ads@3.5.2
  com.unity.analytics@3.5.3
  com.unity.purchasing@2.1.1
  com.unity.xr.legacyinputhelpers@2.1.6

=== Mon Jan 25 00:20:45 2021

Packages were changed.
Update Mode: updateDependencies

The following packages were updated:
  com.unity.cinemachine from version 2.6.3 to 2.7.1
  com.unity.ide.rider from version 2.0.7 to 3.0.3
  com.unity.postprocessing from version 2.3.0 to 3.0.2
  com.unity.render-pipelines.universal from version 10.2.2 to 11.0.0
  com.unity.shadergraph from version 10.2.2 to 11.0.0
  com.unity.textmeshpro from version 3.0.1 to 3.0.3
  com.unity.timeline from version 1.4.4 to 1.5.1-pre.3
  com.unity.xr.legacyinputhelpers from version 2.1.6 to 2.1.7

=== Fri May 21 23:17:55 2021

Packages were changed.
Update Mode: updateDependencies

The following packages were updated:
  com.unity.cinemachine from version 2.7.1 to 2.7.3
  com.unity.ide.rider from version 3.0.3 to 3.0.5
  com.unity.ide.visualstudio from version 2.0.5 to 2.0.7
  com.unity.postprocessing from version 3.0.2 to 3.1.0
  com.unity.recorder from version 2.5.4 to 2.5.5
  com.unity.test-framework from version 1.1.19 to 1.1.24
  com.unity.textmeshpro from version 3.0.3 to 3.0.4
  com.unity.timeline from version 1.5.1-pre.3 to 1.5.4
